TimeQuest Timing Analyzer report for Part2
Tue May 10 15:53:50 2016
Quartus II 64-Bit Version 15.0.0 Build 145 04/22/2015 SJ Web Edition


---------------------
; Table of Contents ;
---------------------
  1. Legal Notice
  2. TimeQuest Timing Analyzer Summary
  3. Parallel Compilation
  4. SDC File List
  5. Clocks
  6. Slow 1200mV 85C Model Fmax Summary
  7. Timing Closure Recommendations
  8. Slow 1200mV 85C Model Setup Summary
  9. Slow 1200mV 85C Model Hold Summary
 10. Slow 1200mV 85C Model Recovery Summary
 11. Slow 1200mV 85C Model Removal Summary
 12. Slow 1200mV 85C Model Minimum Pulse Width Summary
 13. Slow 1200mV 85C Model Setup: 'Clock'
 14. Slow 1200mV 85C Model Hold: 'Clock'
 15. Slow 1200mV 85C Model Minimum Pulse Width: 'Clock'
 16. Setup Times
 17. Hold Times
 18. Clock to Output Times
 19. Minimum Clock to Output Times
 20. Slow 1200mV 85C Model Metastability Summary
 21. Slow 1200mV 0C Model Fmax Summary
 22. Slow 1200mV 0C Model Setup Summary
 23. Slow 1200mV 0C Model Hold Summary
 24. Slow 1200mV 0C Model Recovery Summary
 25. Slow 1200mV 0C Model Removal Summary
 26. Slow 1200mV 0C Model Minimum Pulse Width Summary
 27. Slow 1200mV 0C Model Setup: 'Clock'
 28. Slow 1200mV 0C Model Hold: 'Clock'
 29. Slow 1200mV 0C Model Minimum Pulse Width: 'Clock'
 30. Setup Times
 31. Hold Times
 32. Clock to Output Times
 33. Minimum Clock to Output Times
 34. Slow 1200mV 0C Model Metastability Summary
 35. Fast 1200mV 0C Model Setup Summary
 36. Fast 1200mV 0C Model Hold Summary
 37. Fast 1200mV 0C Model Recovery Summary
 38. Fast 1200mV 0C Model Removal Summary
 39. Fast 1200mV 0C Model Minimum Pulse Width Summary
 40. Fast 1200mV 0C Model Setup: 'Clock'
 41. Fast 1200mV 0C Model Hold: 'Clock'
 42. Fast 1200mV 0C Model Minimum Pulse Width: 'Clock'
 43. Setup Times
 44. Hold Times
 45. Clock to Output Times
 46. Minimum Clock to Output Times
 47. Fast 1200mV 0C Model Metastability Summary
 48. Multicorner Timing Analysis Summary
 49. Setup Times
 50. Hold Times
 51. Clock to Output Times
 52. Minimum Clock to Output Times
 53. Board Trace Model Assignments
 54. Input Transition Times
 55. Signal Integrity Metrics (Slow 1200mv 0c Model)
 56. Signal Integrity Metrics (Slow 1200mv 85c Model)
 57. Signal Integrity Metrics (Fast 1200mv 0c Model)
 58. Setup Transfers
 59. Hold Transfers
 60. Report TCCS
 61. Report RSKM
 62. Unconstrained Paths
 63. TimeQuest Timing Analyzer Messages



----------------
; Legal Notice ;
----------------
Copyright (C) 1991-2015 Altera Corporation. All rights reserved.
Your use of Altera Corporation's design tools, logic functions 
and other software and tools, and its AMPP partner logic 
functions, and any output files from any of the foregoing 
(including device programming or simulation files), and any 
associated documentation or information are expressly subject 
to the terms and conditions of the Altera Program License 
Subscription Agreement, the Altera Quartus II License Agreement,
the Altera MegaCore Function License Agreement, or other 
applicable license agreement, including, without limitation, 
that your use is for the sole purpose of programming logic 
devices manufactured by Altera and sold by Altera or its 
authorized distributors.  Please refer to the applicable 
agreement for further details.



+-------------------------------------------------------------------------+
; TimeQuest Timing Analyzer Summary                                       ;
+--------------------+----------------------------------------------------+
; Quartus II Version ; Version 15.0.0 Build 145 04/22/2015 SJ Web Edition ;
; Revision Name      ; Part2                                              ;
; Device Family      ; Cyclone IV E                                       ;
; Device Name        ; EP4CE115F29C7                                      ;
; Timing Models      ; Final                                              ;
; Delay Model        ; Combined                                           ;
; Rise/Fall Delays   ; Enabled                                            ;
+--------------------+----------------------------------------------------+


+------------------------------------------+
; Parallel Compilation                     ;
+----------------------------+-------------+
; Processors                 ; Number      ;
+----------------------------+-------------+
; Number detected on machine ; 4           ;
; Maximum allowed            ; 4           ;
;                            ;             ;
; Average used               ; 1.00        ;
; Maximum used               ; 4           ;
;                            ;             ;
; Usage by Processor         ; % Time Used ;
;     Processor 1            ; 100.0%      ;
;     Processors 2-4         ; < 0.1%      ;
+----------------------------+-------------+


+---------------------------------------------------+
; SDC File List                                     ;
+---------------+--------+--------------------------+
; SDC File Path ; Status ; Read at                  ;
+---------------+--------+--------------------------+
; Part2.out.sdc ; OK     ; Tue May 10 15:53:48 2016 ;
+---------------+--------+--------------------------+


+------------------------------------------------------------------------------------------------------------------------------------------------------------------------------------+
; Clocks                                                                                                                                                                             ;
+------------+------+--------+-----------+-------+--------+------------+-----------+-------------+-------+--------+-----------+------------+----------+--------+--------+------------+
; Clock Name ; Type ; Period ; Frequency ; Rise  ; Fall   ; Duty Cycle ; Divide by ; Multiply by ; Phase ; Offset ; Edge List ; Edge Shift ; Inverted ; Master ; Source ; Targets    ;
+------------+------+--------+-----------+-------+--------+------------+-----------+-------------+-------+--------+-----------+------------+----------+--------+--------+------------+
; Clock      ; Base ; 20.000 ; 50.0 MHz  ; 0.000 ; 10.000 ;            ;           ;             ;       ;        ;           ;            ;          ;        ;        ; { KEY[0] } ;
+------------+------+--------+-----------+-------+--------+------------+-----------+-------------+-------+--------+-----------+------------+----------+--------+--------+------------+


+--------------------------------------------------+
; Slow 1200mV 85C Model Fmax Summary               ;
+------------+-----------------+------------+------+
; Fmax       ; Restricted Fmax ; Clock Name ; Note ;
+------------+-----------------+------------+------+
; 137.23 MHz ; 137.23 MHz      ; Clock      ;      ;
+------------+-----------------+------------+------+
This panel reports FMAX for every clock in the design, regardless of the user-specified clock periods.  FMAX is only computed for paths where the source and destination registers or ports are driven by the same clock.  Paths of different clocks, including generated clocks, are ignored.  For paths between a clock and its inversion, FMAX is computed as if the rising and falling edges are scaled along with FMAX, such that the duty cycle (in terms of a percentage) is maintained. Altera recommends that you always use clock constraints and other slack reports for sign-off analysis.


----------------------------------
; Timing Closure Recommendations ;
----------------------------------
HTML report is unavailable in plain text report export.


+-------------------------------------+
; Slow 1200mV 85C Model Setup Summary ;
+-------+--------+--------------------+
; Clock ; Slack  ; End Point TNS      ;
+-------+--------+--------------------+
; Clock ; 12.713 ; 0.000              ;
+-------+--------+--------------------+


+------------------------------------+
; Slow 1200mV 85C Model Hold Summary ;
+-------+-------+--------------------+
; Clock ; Slack ; End Point TNS      ;
+-------+-------+--------------------+
; Clock ; 0.440 ; 0.000              ;
+-------+-------+--------------------+


------------------------------------------
; Slow 1200mV 85C Model Recovery Summary ;
------------------------------------------
No paths to report.


-----------------------------------------
; Slow 1200mV 85C Model Removal Summary ;
-----------------------------------------
No paths to report.


+---------------------------------------------------+
; Slow 1200mV 85C Model Minimum Pulse Width Summary ;
+-------+-------+-----------------------------------+
; Clock ; Slack ; End Point TNS                     ;
+-------+-------+-----------------------------------+
; Clock ; 9.733 ; 0.000                             ;
+-------+-------+-----------------------------------+


+----------------------------------------------------------------------------------------------------------------------------------------------------------+
; Slow 1200mV 85C Model Setup: 'Clock'                                                                                                                     ;
+--------+-------------------------------------+-------------------------------------+--------------+-------------+--------------+------------+------------+
; Slack  ; From Node                           ; To Node                             ; Launch Clock ; Latch Clock ; Relationship ; Clock Skew ; Data Delay ;
+--------+-------------------------------------+-------------------------------------+--------------+-------------+--------------+------------+------------+
; 12.713 ; FSM4ConsecutiveCounter:FSM0|State~5 ; FSM4ConsecutiveCounter:FSM0|State~5 ; Clock        ; Clock       ; 20.000       ; -0.111     ; 7.194      ;
; 14.238 ; FSM4ConsecutiveCounter:FSM0|State~3 ; FSM4ConsecutiveCounter:FSM0|State~5 ; Clock        ; Clock       ; 20.000       ; -0.111     ; 5.669      ;
; 14.400 ; FSM4ConsecutiveCounter:FSM0|State~2 ; FSM4ConsecutiveCounter:FSM0|State~5 ; Clock        ; Clock       ; 20.000       ; -0.111     ; 5.507      ;
; 14.534 ; FSM4ConsecutiveCounter:FSM0|State~5 ; FSM4ConsecutiveCounter:FSM0|State~2 ; Clock        ; Clock       ; 20.000       ; -0.111     ; 5.373      ;
; 14.545 ; FSM4ConsecutiveCounter:FSM0|State~5 ; FSM4ConsecutiveCounter:FSM0|State~4 ; Clock        ; Clock       ; 20.000       ; -0.111     ; 5.362      ;
; 14.649 ; FSM4ConsecutiveCounter:FSM0|State~4 ; FSM4ConsecutiveCounter:FSM0|State~5 ; Clock        ; Clock       ; 20.000       ; -0.111     ; 5.258      ;
; 15.814 ; FSM4ConsecutiveCounter:FSM0|State~3 ; FSM4ConsecutiveCounter:FSM0|State~2 ; Clock        ; Clock       ; 20.000       ; -0.049     ; 4.155      ;
; 16.035 ; FSM4ConsecutiveCounter:FSM0|State~4 ; FSM4ConsecutiveCounter:FSM0|State~2 ; Clock        ; Clock       ; 20.000       ; -0.049     ; 3.934      ;
; 16.279 ; FSM4ConsecutiveCounter:FSM0|State~2 ; FSM4ConsecutiveCounter:FSM0|State~2 ; Clock        ; Clock       ; 20.000       ; -0.049     ; 3.690      ;
; 16.329 ; FSM4ConsecutiveCounter:FSM0|State~2 ; FSM4ConsecutiveCounter:FSM0|State~4 ; Clock        ; Clock       ; 20.000       ; -0.049     ; 3.640      ;
; 16.533 ; FSM4ConsecutiveCounter:FSM0|State~4 ; FSM4ConsecutiveCounter:FSM0|State~4 ; Clock        ; Clock       ; 20.000       ; -0.049     ; 3.436      ;
; 16.914 ; FSM4ConsecutiveCounter:FSM0|State~4 ; FSM4ConsecutiveCounter:FSM0|State~3 ; Clock        ; Clock       ; 20.000       ; -0.049     ; 3.055      ;
; 17.091 ; FSM4ConsecutiveCounter:FSM0|State~3 ; FSM4ConsecutiveCounter:FSM0|State~4 ; Clock        ; Clock       ; 20.000       ; -0.049     ; 2.878      ;
; 19.150 ; FSM4ConsecutiveCounter:FSM0|State~2 ; FSM4ConsecutiveCounter:FSM0|State~3 ; Clock        ; Clock       ; 20.000       ; -0.049     ; 0.819      ;
; 19.210 ; FSM4ConsecutiveCounter:FSM0|State~3 ; FSM4ConsecutiveCounter:FSM0|State~3 ; Clock        ; Clock       ; 20.000       ; -0.043     ; 0.765      ;
+--------+-------------------------------------+-------------------------------------+--------------+-------------+--------------+------------+------------+


+---------------------------------------------------------------------------------------------------------------------------------------------------------+
; Slow 1200mV 85C Model Hold: 'Clock'                                                                                                                     ;
+-------+-------------------------------------+-------------------------------------+--------------+-------------+--------------+------------+------------+
; Slack ; From Node                           ; To Node                             ; Launch Clock ; Latch Clock ; Relationship ; Clock Skew ; Data Delay ;
+-------+-------------------------------------+-------------------------------------+--------------+-------------+--------------+------------+------------+
; 0.440 ; FSM4ConsecutiveCounter:FSM0|State~3 ; FSM4ConsecutiveCounter:FSM0|State~3 ; Clock        ; Clock       ; 0.000        ; 0.043      ; 0.669      ;
; 0.473 ; FSM4ConsecutiveCounter:FSM0|State~2 ; FSM4ConsecutiveCounter:FSM0|State~3 ; Clock        ; Clock       ; 0.000        ; 0.049      ; 0.708      ;
; 2.434 ; FSM4ConsecutiveCounter:FSM0|State~3 ; FSM4ConsecutiveCounter:FSM0|State~4 ; Clock        ; Clock       ; 0.000        ; 0.049      ; 2.669      ;
; 2.544 ; FSM4ConsecutiveCounter:FSM0|State~4 ; FSM4ConsecutiveCounter:FSM0|State~3 ; Clock        ; Clock       ; 0.000        ; 0.049      ; 2.779      ;
; 2.897 ; FSM4ConsecutiveCounter:FSM0|State~4 ; FSM4ConsecutiveCounter:FSM0|State~4 ; Clock        ; Clock       ; 0.000        ; 0.049      ; 3.132      ;
; 2.933 ; FSM4ConsecutiveCounter:FSM0|State~2 ; FSM4ConsecutiveCounter:FSM0|State~2 ; Clock        ; Clock       ; 0.000        ; 0.049      ; 3.168      ;
; 3.102 ; FSM4ConsecutiveCounter:FSM0|State~2 ; FSM4ConsecutiveCounter:FSM0|State~4 ; Clock        ; Clock       ; 0.000        ; 0.049      ; 3.337      ;
; 3.146 ; FSM4ConsecutiveCounter:FSM0|State~4 ; FSM4ConsecutiveCounter:FSM0|State~2 ; Clock        ; Clock       ; 0.000        ; 0.049      ; 3.381      ;
; 3.433 ; FSM4ConsecutiveCounter:FSM0|State~3 ; FSM4ConsecutiveCounter:FSM0|State~2 ; Clock        ; Clock       ; 0.000        ; 0.049      ; 3.668      ;
; 4.592 ; FSM4ConsecutiveCounter:FSM0|State~4 ; FSM4ConsecutiveCounter:FSM0|State~5 ; Clock        ; Clock       ; 0.000        ; 0.111      ; 4.889      ;
; 4.717 ; FSM4ConsecutiveCounter:FSM0|State~5 ; FSM4ConsecutiveCounter:FSM0|State~2 ; Clock        ; Clock       ; 0.000        ; 0.111      ; 5.014      ;
; 4.755 ; FSM4ConsecutiveCounter:FSM0|State~5 ; FSM4ConsecutiveCounter:FSM0|State~4 ; Clock        ; Clock       ; 0.000        ; 0.111      ; 5.052      ;
; 4.853 ; FSM4ConsecutiveCounter:FSM0|State~2 ; FSM4ConsecutiveCounter:FSM0|State~5 ; Clock        ; Clock       ; 0.000        ; 0.111      ; 5.150      ;
; 5.032 ; FSM4ConsecutiveCounter:FSM0|State~3 ; FSM4ConsecutiveCounter:FSM0|State~5 ; Clock        ; Clock       ; 0.000        ; 0.111      ; 5.329      ;
; 6.512 ; FSM4ConsecutiveCounter:FSM0|State~5 ; FSM4ConsecutiveCounter:FSM0|State~5 ; Clock        ; Clock       ; 0.000        ; 0.111      ; 6.809      ;
+-------+-------------------------------------+-------------------------------------+--------------+-------------+--------------+------------+------------+


+----------------------------------------------------------------------------------------------------------------------+
; Slow 1200mV 85C Model Minimum Pulse Width: 'Clock'                                                                   ;
+--------+--------------+----------------+------------------+-------+------------+-------------------------------------+
; Slack  ; Actual Width ; Required Width ; Type             ; Clock ; Clock Edge ; Target                              ;
+--------+--------------+----------------+------------------+-------+------------+-------------------------------------+
; 9.733  ; 9.921        ; 0.188          ; Low Pulse Width  ; Clock ; Rise       ; FSM4ConsecutiveCounter:FSM0|State~2 ;
; 9.733  ; 9.921        ; 0.188          ; Low Pulse Width  ; Clock ; Rise       ; FSM4ConsecutiveCounter:FSM0|State~3 ;
; 9.733  ; 9.921        ; 0.188          ; Low Pulse Width  ; Clock ; Rise       ; FSM4ConsecutiveCounter:FSM0|State~4 ;
; 9.794  ; 10.014       ; 0.220          ; High Pulse Width ; Clock ; Rise       ; FSM4ConsecutiveCounter:FSM0|State~5 ;
; 9.795  ; 9.983        ; 0.188          ; Low Pulse Width  ; Clock ; Rise       ; FSM4ConsecutiveCounter:FSM0|State~5 ;
; 9.859  ; 10.079       ; 0.220          ; High Pulse Width ; Clock ; Rise       ; FSM4ConsecutiveCounter:FSM0|State~2 ;
; 9.859  ; 10.079       ; 0.220          ; High Pulse Width ; Clock ; Rise       ; FSM4ConsecutiveCounter:FSM0|State~3 ;
; 9.859  ; 10.079       ; 0.220          ; High Pulse Width ; Clock ; Rise       ; FSM4ConsecutiveCounter:FSM0|State~4 ;
; 9.885  ; 9.885        ; 0.000          ; Low Pulse Width  ; Clock ; Rise       ; FSM0|State~2|clk                    ;
; 9.885  ; 9.885        ; 0.000          ; Low Pulse Width  ; Clock ; Rise       ; FSM0|State~3|clk                    ;
; 9.885  ; 9.885        ; 0.000          ; Low Pulse Width  ; Clock ; Rise       ; FSM0|State~4|clk                    ;
; 9.894  ; 9.894        ; 0.000          ; Low Pulse Width  ; Clock ; Rise       ; KEY[0]~input|o                      ;
; 9.947  ; 9.947        ; 0.000          ; Low Pulse Width  ; Clock ; Rise       ; FSM0|State~5|clk                    ;
; 10.000 ; 10.000       ; 0.000          ; High Pulse Width ; Clock ; Rise       ; KEY[0]~input|i                      ;
; 10.000 ; 10.000       ; 0.000          ; Low Pulse Width  ; Clock ; Rise       ; KEY[0]~input|i                      ;
; 10.049 ; 10.049       ; 0.000          ; High Pulse Width ; Clock ; Rise       ; FSM0|State~5|clk                    ;
; 10.106 ; 10.106       ; 0.000          ; High Pulse Width ; Clock ; Rise       ; KEY[0]~input|o                      ;
; 10.114 ; 10.114       ; 0.000          ; High Pulse Width ; Clock ; Rise       ; FSM0|State~2|clk                    ;
; 10.114 ; 10.114       ; 0.000          ; High Pulse Width ; Clock ; Rise       ; FSM0|State~3|clk                    ;
; 10.114 ; 10.114       ; 0.000          ; High Pulse Width ; Clock ; Rise       ; FSM0|State~4|clk                    ;
; 16.000 ; 20.000       ; 4.000          ; Port Rate        ; Clock ; Rise       ; KEY[0]                              ;
; 17.715 ; 20.000       ; 2.285          ; Min Period       ; Clock ; Rise       ; FSM4ConsecutiveCounter:FSM0|State~2 ;
; 17.715 ; 20.000       ; 2.285          ; Min Period       ; Clock ; Rise       ; FSM4ConsecutiveCounter:FSM0|State~3 ;
; 17.715 ; 20.000       ; 2.285          ; Min Period       ; Clock ; Rise       ; FSM4ConsecutiveCounter:FSM0|State~4 ;
; 17.715 ; 20.000       ; 2.285          ; Min Period       ; Clock ; Rise       ; FSM4ConsecutiveCounter:FSM0|State~5 ;
+--------+--------------+----------------+------------------+-------+------------+-------------------------------------+


+-----------------------------------------------------------------------+
; Setup Times                                                           ;
+-----------+------------+-------+-------+------------+-----------------+
; Data Port ; Clock Port ; Rise  ; Fall  ; Clock Edge ; Clock Reference ;
+-----------+------------+-------+-------+------------+-----------------+
; SW[*]     ; Clock      ; 5.010 ; 5.477 ; Rise       ; Clock           ;
;  SW[0]    ; Clock      ; 4.286 ; 4.721 ; Rise       ; Clock           ;
;  SW[1]    ; Clock      ; 5.010 ; 5.477 ; Rise       ; Clock           ;
+-----------+------------+-------+-------+------------+-----------------+


+-------------------------------------------------------------------------+
; Hold Times                                                              ;
+-----------+------------+--------+--------+------------+-----------------+
; Data Port ; Clock Port ; Rise   ; Fall   ; Clock Edge ; Clock Reference ;
+-----------+------------+--------+--------+------------+-----------------+
; SW[*]     ; Clock      ; -1.759 ; -2.122 ; Rise       ; Clock           ;
;  SW[0]    ; Clock      ; -1.759 ; -2.122 ; Rise       ; Clock           ;
;  SW[1]    ; Clock      ; -1.927 ; -2.332 ; Rise       ; Clock           ;
+-----------+------------+--------+--------+------------+-----------------+


+-------------------------------------------------------------------------+
; Clock to Output Times                                                   ;
+-----------+------------+--------+--------+------------+-----------------+
; Data Port ; Clock Port ; Rise   ; Fall   ; Clock Edge ; Clock Reference ;
+-----------+------------+--------+--------+------------+-----------------+
; LEDG[*]   ; Clock      ; 10.237 ; 10.122 ; Rise       ; Clock           ;
;  LEDG[0]  ; Clock      ; 10.237 ; 10.122 ; Rise       ; Clock           ;
; LEDR[*]   ; Clock      ; 9.874  ; 9.746  ; Rise       ; Clock           ;
;  LEDR[0]  ; Clock      ; 8.951  ; 8.970  ; Rise       ; Clock           ;
;  LEDR[1]  ; Clock      ; 8.549  ; 8.453  ; Rise       ; Clock           ;
;  LEDR[2]  ; Clock      ; 8.227  ; 8.164  ; Rise       ; Clock           ;
;  LEDR[3]  ; Clock      ; 9.874  ; 9.746  ; Rise       ; Clock           ;
+-----------+------------+--------+--------+------------+-----------------+


+-----------------------------------------------------------------------+
; Minimum Clock to Output Times                                         ;
+-----------+------------+-------+-------+------------+-----------------+
; Data Port ; Clock Port ; Rise  ; Fall  ; Clock Edge ; Clock Reference ;
+-----------+------------+-------+-------+------------+-----------------+
; LEDG[*]   ; Clock      ; 7.939 ; 7.925 ; Rise       ; Clock           ;
;  LEDG[0]  ; Clock      ; 7.939 ; 7.925 ; Rise       ; Clock           ;
; LEDR[*]   ; Clock      ; 7.935 ; 7.872 ; Rise       ; Clock           ;
;  LEDR[0]  ; Clock      ; 8.632 ; 8.649 ; Rise       ; Clock           ;
;  LEDR[1]  ; Clock      ; 8.244 ; 8.149 ; Rise       ; Clock           ;
;  LEDR[2]  ; Clock      ; 7.935 ; 7.872 ; Rise       ; Clock           ;
;  LEDR[3]  ; Clock      ; 9.516 ; 9.391 ; Rise       ; Clock           ;
+-----------+------------+-------+-------+------------+-----------------+


-----------------------------------------------
; Slow 1200mV 85C Model Metastability Summary ;
-----------------------------------------------
No synchronizer chains to report.


+--------------------------------------------------+
; Slow 1200mV 0C Model Fmax Summary                ;
+------------+-----------------+------------+------+
; Fmax       ; Restricted Fmax ; Clock Name ; Note ;
+------------+-----------------+------------+------+
; 149.43 MHz ; 149.43 MHz      ; Clock      ;      ;
+------------+-----------------+------------+------+
This panel reports FMAX for every clock in the design, regardless of the user-specified clock periods.  FMAX is only computed for paths where the source and destination registers or ports are driven by the same clock.  Paths of different clocks, including generated clocks, are ignored.  For paths between a clock and its inversion, FMAX is computed as if the rising and falling edges are scaled along with FMAX, such that the duty cycle (in terms of a percentage) is maintained. Altera recommends that you always use clock constraints and other slack reports for sign-off analysis.


+------------------------------------+
; Slow 1200mV 0C Model Setup Summary ;
+-------+--------+-------------------+
; Clock ; Slack  ; End Point TNS     ;
+-------+--------+-------------------+
; Clock ; 13.308 ; 0.000             ;
+-------+--------+-------------------+


+-----------------------------------+
; Slow 1200mV 0C Model Hold Summary ;
+-------+-------+-------------------+
; Clock ; Slack ; End Point TNS     ;
+-------+-------+-------------------+
; Clock ; 0.387 ; 0.000             ;
+-------+-------+-------------------+


-----------------------------------------
; Slow 1200mV 0C Model Recovery Summary ;
-----------------------------------------
No paths to report.


----------------------------------------
; Slow 1200mV 0C Model Removal Summary ;
----------------------------------------
No paths to report.


+--------------------------------------------------+
; Slow 1200mV 0C Model Minimum Pulse Width Summary ;
+-------+-------+----------------------------------+
; Clock ; Slack ; End Point TNS                    ;
+-------+-------+----------------------------------+
; Clock ; 9.705 ; 0.000                            ;
+-------+-------+----------------------------------+


+----------------------------------------------------------------------------------------------------------------------------------------------------------+
; Slow 1200mV 0C Model Setup: 'Clock'                                                                                                                      ;
+--------+-------------------------------------+-------------------------------------+--------------+-------------+--------------+------------+------------+
; Slack  ; From Node                           ; To Node                             ; Launch Clock ; Latch Clock ; Relationship ; Clock Skew ; Data Delay ;
+--------+-------------------------------------+-------------------------------------+--------------+-------------+--------------+------------+------------+
; 13.308 ; FSM4ConsecutiveCounter:FSM0|State~5 ; FSM4ConsecutiveCounter:FSM0|State~5 ; Clock        ; Clock       ; 20.000       ; -0.102     ; 6.609      ;
; 14.695 ; FSM4ConsecutiveCounter:FSM0|State~3 ; FSM4ConsecutiveCounter:FSM0|State~5 ; Clock        ; Clock       ; 20.000       ; -0.106     ; 5.218      ;
; 14.838 ; FSM4ConsecutiveCounter:FSM0|State~2 ; FSM4ConsecutiveCounter:FSM0|State~5 ; Clock        ; Clock       ; 20.000       ; -0.106     ; 5.075      ;
; 14.923 ; FSM4ConsecutiveCounter:FSM0|State~5 ; FSM4ConsecutiveCounter:FSM0|State~2 ; Clock        ; Clock       ; 20.000       ; -0.098     ; 4.998      ;
; 14.974 ; FSM4ConsecutiveCounter:FSM0|State~5 ; FSM4ConsecutiveCounter:FSM0|State~4 ; Clock        ; Clock       ; 20.000       ; -0.098     ; 4.947      ;
; 15.055 ; FSM4ConsecutiveCounter:FSM0|State~4 ; FSM4ConsecutiveCounter:FSM0|State~5 ; Clock        ; Clock       ; 20.000       ; -0.106     ; 4.858      ;
; 16.127 ; FSM4ConsecutiveCounter:FSM0|State~3 ; FSM4ConsecutiveCounter:FSM0|State~2 ; Clock        ; Clock       ; 20.000       ; -0.042     ; 3.850      ;
; 16.382 ; FSM4ConsecutiveCounter:FSM0|State~4 ; FSM4ConsecutiveCounter:FSM0|State~2 ; Clock        ; Clock       ; 20.000       ; -0.042     ; 3.595      ;
; 16.574 ; FSM4ConsecutiveCounter:FSM0|State~2 ; FSM4ConsecutiveCounter:FSM0|State~2 ; Clock        ; Clock       ; 20.000       ; -0.042     ; 3.403      ;
; 16.643 ; FSM4ConsecutiveCounter:FSM0|State~2 ; FSM4ConsecutiveCounter:FSM0|State~4 ; Clock        ; Clock       ; 20.000       ; -0.042     ; 3.334      ;
; 16.822 ; FSM4ConsecutiveCounter:FSM0|State~4 ; FSM4ConsecutiveCounter:FSM0|State~4 ; Clock        ; Clock       ; 20.000       ; -0.042     ; 3.155      ;
; 17.182 ; FSM4ConsecutiveCounter:FSM0|State~4 ; FSM4ConsecutiveCounter:FSM0|State~3 ; Clock        ; Clock       ; 20.000       ; -0.042     ; 2.795      ;
; 17.298 ; FSM4ConsecutiveCounter:FSM0|State~3 ; FSM4ConsecutiveCounter:FSM0|State~4 ; Clock        ; Clock       ; 20.000       ; -0.042     ; 2.679      ;
; 19.233 ; FSM4ConsecutiveCounter:FSM0|State~2 ; FSM4ConsecutiveCounter:FSM0|State~3 ; Clock        ; Clock       ; 20.000       ; -0.042     ; 0.744      ;
; 19.297 ; FSM4ConsecutiveCounter:FSM0|State~3 ; FSM4ConsecutiveCounter:FSM0|State~3 ; Clock        ; Clock       ; 20.000       ; -0.039     ; 0.683      ;
+--------+-------------------------------------+-------------------------------------+--------------+-------------+--------------+------------+------------+


+---------------------------------------------------------------------------------------------------------------------------------------------------------+
; Slow 1200mV 0C Model Hold: 'Clock'                                                                                                                      ;
+-------+-------------------------------------+-------------------------------------+--------------+-------------+--------------+------------+------------+
; Slack ; From Node                           ; To Node                             ; Launch Clock ; Latch Clock ; Relationship ; Clock Skew ; Data Delay ;
+-------+-------------------------------------+-------------------------------------+--------------+-------------+--------------+------------+------------+
; 0.387 ; FSM4ConsecutiveCounter:FSM0|State~3 ; FSM4ConsecutiveCounter:FSM0|State~3 ; Clock        ; Clock       ; 0.000        ; 0.039      ; 0.597      ;
; 0.429 ; FSM4ConsecutiveCounter:FSM0|State~2 ; FSM4ConsecutiveCounter:FSM0|State~3 ; Clock        ; Clock       ; 0.000        ; 0.042      ; 0.642      ;
; 2.175 ; FSM4ConsecutiveCounter:FSM0|State~3 ; FSM4ConsecutiveCounter:FSM0|State~4 ; Clock        ; Clock       ; 0.000        ; 0.042      ; 2.388      ;
; 2.325 ; FSM4ConsecutiveCounter:FSM0|State~4 ; FSM4ConsecutiveCounter:FSM0|State~3 ; Clock        ; Clock       ; 0.000        ; 0.042      ; 2.538      ;
; 2.640 ; FSM4ConsecutiveCounter:FSM0|State~4 ; FSM4ConsecutiveCounter:FSM0|State~4 ; Clock        ; Clock       ; 0.000        ; 0.042      ; 2.853      ;
; 2.651 ; FSM4ConsecutiveCounter:FSM0|State~2 ; FSM4ConsecutiveCounter:FSM0|State~2 ; Clock        ; Clock       ; 0.000        ; 0.042      ; 2.864      ;
; 2.764 ; FSM4ConsecutiveCounter:FSM0|State~2 ; FSM4ConsecutiveCounter:FSM0|State~4 ; Clock        ; Clock       ; 0.000        ; 0.042      ; 2.977      ;
; 2.809 ; FSM4ConsecutiveCounter:FSM0|State~4 ; FSM4ConsecutiveCounter:FSM0|State~2 ; Clock        ; Clock       ; 0.000        ; 0.042      ; 3.022      ;
; 3.062 ; FSM4ConsecutiveCounter:FSM0|State~3 ; FSM4ConsecutiveCounter:FSM0|State~2 ; Clock        ; Clock       ; 0.000        ; 0.042      ; 3.275      ;
; 4.183 ; FSM4ConsecutiveCounter:FSM0|State~4 ; FSM4ConsecutiveCounter:FSM0|State~5 ; Clock        ; Clock       ; 0.000        ; 0.098      ; 4.452      ;
; 4.226 ; FSM4ConsecutiveCounter:FSM0|State~5 ; FSM4ConsecutiveCounter:FSM0|State~2 ; Clock        ; Clock       ; 0.000        ; 0.106      ; 4.503      ;
; 4.350 ; FSM4ConsecutiveCounter:FSM0|State~5 ; FSM4ConsecutiveCounter:FSM0|State~4 ; Clock        ; Clock       ; 0.000        ; 0.106      ; 4.627      ;
; 4.424 ; FSM4ConsecutiveCounter:FSM0|State~2 ; FSM4ConsecutiveCounter:FSM0|State~5 ; Clock        ; Clock       ; 0.000        ; 0.098      ; 4.693      ;
; 4.600 ; FSM4ConsecutiveCounter:FSM0|State~3 ; FSM4ConsecutiveCounter:FSM0|State~5 ; Clock        ; Clock       ; 0.000        ; 0.098      ; 4.869      ;
; 5.988 ; FSM4ConsecutiveCounter:FSM0|State~5 ; FSM4ConsecutiveCounter:FSM0|State~5 ; Clock        ; Clock       ; 0.000        ; 0.102      ; 6.261      ;
+-------+-------------------------------------+-------------------------------------+--------------+-------------+--------------+------------+------------+


+----------------------------------------------------------------------------------------------------------------------+
; Slow 1200mV 0C Model Minimum Pulse Width: 'Clock'                                                                    ;
+--------+--------------+----------------+------------------+-------+------------+-------------------------------------+
; Slack  ; Actual Width ; Required Width ; Type             ; Clock ; Clock Edge ; Target                              ;
+--------+--------------+----------------+------------------+-------+------------+-------------------------------------+
; 9.705  ; 9.923        ; 0.218          ; High Pulse Width ; Clock ; Rise       ; FSM4ConsecutiveCounter:FSM0|State~5 ;
; 9.747  ; 9.965        ; 0.218          ; High Pulse Width ; Clock ; Rise       ; FSM4ConsecutiveCounter:FSM0|State~2 ;
; 9.747  ; 9.965        ; 0.218          ; High Pulse Width ; Clock ; Rise       ; FSM4ConsecutiveCounter:FSM0|State~3 ;
; 9.747  ; 9.965        ; 0.218          ; High Pulse Width ; Clock ; Rise       ; FSM4ConsecutiveCounter:FSM0|State~4 ;
; 9.845  ; 10.031       ; 0.186          ; Low Pulse Width  ; Clock ; Rise       ; FSM4ConsecutiveCounter:FSM0|State~2 ;
; 9.845  ; 10.031       ; 0.186          ; Low Pulse Width  ; Clock ; Rise       ; FSM4ConsecutiveCounter:FSM0|State~3 ;
; 9.845  ; 10.031       ; 0.186          ; Low Pulse Width  ; Clock ; Rise       ; FSM4ConsecutiveCounter:FSM0|State~4 ;
; 9.885  ; 10.071       ; 0.186          ; Low Pulse Width  ; Clock ; Rise       ; FSM4ConsecutiveCounter:FSM0|State~5 ;
; 9.916  ; 9.916        ; 0.000          ; Low Pulse Width  ; Clock ; Rise       ; KEY[0]~input|o                      ;
; 9.963  ; 9.963        ; 0.000          ; High Pulse Width ; Clock ; Rise       ; FSM0|State~5|clk                    ;
; 9.993  ; 9.993        ; 0.000          ; Low Pulse Width  ; Clock ; Rise       ; FSM0|State~2|clk                    ;
; 9.993  ; 9.993        ; 0.000          ; Low Pulse Width  ; Clock ; Rise       ; FSM0|State~3|clk                    ;
; 9.993  ; 9.993        ; 0.000          ; Low Pulse Width  ; Clock ; Rise       ; FSM0|State~4|clk                    ;
; 10.000 ; 10.000       ; 0.000          ; High Pulse Width ; Clock ; Rise       ; KEY[0]~input|i                      ;
; 10.000 ; 10.000       ; 0.000          ; Low Pulse Width  ; Clock ; Rise       ; KEY[0]~input|i                      ;
; 10.005 ; 10.005       ; 0.000          ; High Pulse Width ; Clock ; Rise       ; FSM0|State~2|clk                    ;
; 10.005 ; 10.005       ; 0.000          ; High Pulse Width ; Clock ; Rise       ; FSM0|State~3|clk                    ;
; 10.005 ; 10.005       ; 0.000          ; High Pulse Width ; Clock ; Rise       ; FSM0|State~4|clk                    ;
; 10.033 ; 10.033       ; 0.000          ; Low Pulse Width  ; Clock ; Rise       ; FSM0|State~5|clk                    ;
; 10.084 ; 10.084       ; 0.000          ; High Pulse Width ; Clock ; Rise       ; KEY[0]~input|o                      ;
; 16.000 ; 20.000       ; 4.000          ; Port Rate        ; Clock ; Rise       ; KEY[0]                              ;
; 17.715 ; 20.000       ; 2.285          ; Min Period       ; Clock ; Rise       ; FSM4ConsecutiveCounter:FSM0|State~2 ;
; 17.715 ; 20.000       ; 2.285          ; Min Period       ; Clock ; Rise       ; FSM4ConsecutiveCounter:FSM0|State~3 ;
; 17.715 ; 20.000       ; 2.285          ; Min Period       ; Clock ; Rise       ; FSM4ConsecutiveCounter:FSM0|State~4 ;
; 17.715 ; 20.000       ; 2.285          ; Min Period       ; Clock ; Rise       ; FSM4ConsecutiveCounter:FSM0|State~5 ;
+--------+--------------+----------------+------------------+-------+------------+-------------------------------------+


+-----------------------------------------------------------------------+
; Setup Times                                                           ;
+-----------+------------+-------+-------+------------+-----------------+
; Data Port ; Clock Port ; Rise  ; Fall  ; Clock Edge ; Clock Reference ;
+-----------+------------+-------+-------+------------+-----------------+
; SW[*]     ; Clock      ; 4.484 ; 4.758 ; Rise       ; Clock           ;
;  SW[0]    ; Clock      ; 3.802 ; 3.986 ; Rise       ; Clock           ;
;  SW[1]    ; Clock      ; 4.484 ; 4.758 ; Rise       ; Clock           ;
+-----------+------------+-------+-------+------------+-----------------+


+-------------------------------------------------------------------------+
; Hold Times                                                              ;
+-----------+------------+--------+--------+------------+-----------------+
; Data Port ; Clock Port ; Rise   ; Fall   ; Clock Edge ; Clock Reference ;
+-----------+------------+--------+--------+------------+-----------------+
; SW[*]     ; Clock      ; -1.477 ; -1.669 ; Rise       ; Clock           ;
;  SW[0]    ; Clock      ; -1.477 ; -1.669 ; Rise       ; Clock           ;
;  SW[1]    ; Clock      ; -1.631 ; -1.857 ; Rise       ; Clock           ;
+-----------+------------+--------+--------+------------+-----------------+


+-----------------------------------------------------------------------+
; Clock to Output Times                                                 ;
+-----------+------------+-------+-------+------------+-----------------+
; Data Port ; Clock Port ; Rise  ; Fall  ; Clock Edge ; Clock Reference ;
+-----------+------------+-------+-------+------------+-----------------+
; LEDG[*]   ; Clock      ; 9.444 ; 9.195 ; Rise       ; Clock           ;
;  LEDG[0]  ; Clock      ; 9.444 ; 9.195 ; Rise       ; Clock           ;
; LEDR[*]   ; Clock      ; 9.103 ; 8.859 ; Rise       ; Clock           ;
;  LEDR[0]  ; Clock      ; 8.235 ; 8.158 ; Rise       ; Clock           ;
;  LEDR[1]  ; Clock      ; 7.878 ; 7.683 ; Rise       ; Clock           ;
;  LEDR[2]  ; Clock      ; 7.573 ; 7.424 ; Rise       ; Clock           ;
;  LEDR[3]  ; Clock      ; 9.103 ; 8.859 ; Rise       ; Clock           ;
+-----------+------------+-------+-------+------------+-----------------+


+-----------------------------------------------------------------------+
; Minimum Clock to Output Times                                         ;
+-----------+------------+-------+-------+------------+-----------------+
; Data Port ; Clock Port ; Rise  ; Fall  ; Clock Edge ; Clock Reference ;
+-----------+------------+-------+-------+------------+-----------------+
; LEDG[*]   ; Clock      ; 7.272 ; 7.194 ; Rise       ; Clock           ;
;  LEDG[0]  ; Clock      ; 7.272 ; 7.194 ; Rise       ; Clock           ;
; LEDR[*]   ; Clock      ; 7.288 ; 7.144 ; Rise       ; Clock           ;
;  LEDR[0]  ; Clock      ; 7.925 ; 7.851 ; Rise       ; Clock           ;
;  LEDR[1]  ; Clock      ; 7.581 ; 7.392 ; Rise       ; Clock           ;
;  LEDR[2]  ; Clock      ; 7.288 ; 7.144 ; Rise       ; Clock           ;
;  LEDR[3]  ; Clock      ; 8.756 ; 8.521 ; Rise       ; Clock           ;
+-----------+------------+-------+-------+------------+-----------------+


----------------------------------------------
; Slow 1200mV 0C Model Metastability Summary ;
----------------------------------------------
No synchronizer chains to report.


+------------------------------------+
; Fast 1200mV 0C Model Setup Summary ;
+-------+--------+-------------------+
; Clock ; Slack  ; End Point TNS     ;
+-------+--------+-------------------+
; Clock ; 16.248 ; 0.000             ;
+-------+--------+-------------------+


+-----------------------------------+
; Fast 1200mV 0C Model Hold Summary ;
+-------+-------+-------------------+
; Clock ; Slack ; End Point TNS     ;
+-------+-------+-------------------+
; Clock ; 0.201 ; 0.000             ;
+-------+-------+-------------------+


-----------------------------------------
; Fast 1200mV 0C Model Recovery Summary ;
-----------------------------------------
No paths to report.


----------------------------------------
; Fast 1200mV 0C Model Removal Summary ;
----------------------------------------
No paths to report.


+--------------------------------------------------+
; Fast 1200mV 0C Model Minimum Pulse Width Summary ;
+-------+-------+----------------------------------+
; Clock ; Slack ; End Point TNS                    ;
+-------+-------+----------------------------------+
; Clock ; 9.316 ; 0.000                            ;
+-------+-------+----------------------------------+


+----------------------------------------------------------------------------------------------------------------------------------------------------------+
; Fast 1200mV 0C Model Setup: 'Clock'                                                                                                                      ;
+--------+-------------------------------------+-------------------------------------+--------------+-------------+--------------+------------+------------+
; Slack  ; From Node                           ; To Node                             ; Launch Clock ; Latch Clock ; Relationship ; Clock Skew ; Data Delay ;
+--------+-------------------------------------+-------------------------------------+--------------+-------------+--------------+------------+------------+
; 16.248 ; FSM4ConsecutiveCounter:FSM0|State~5 ; FSM4ConsecutiveCounter:FSM0|State~5 ; Clock        ; Clock       ; 20.000       ; -0.054     ; 3.705      ;
; 17.085 ; FSM4ConsecutiveCounter:FSM0|State~3 ; FSM4ConsecutiveCounter:FSM0|State~5 ; Clock        ; Clock       ; 20.000       ; -0.054     ; 2.868      ;
; 17.127 ; FSM4ConsecutiveCounter:FSM0|State~5 ; FSM4ConsecutiveCounter:FSM0|State~2 ; Clock        ; Clock       ; 20.000       ; -0.055     ; 2.825      ;
; 17.165 ; FSM4ConsecutiveCounter:FSM0|State~2 ; FSM4ConsecutiveCounter:FSM0|State~5 ; Clock        ; Clock       ; 20.000       ; -0.054     ; 2.788      ;
; 17.183 ; FSM4ConsecutiveCounter:FSM0|State~5 ; FSM4ConsecutiveCounter:FSM0|State~4 ; Clock        ; Clock       ; 20.000       ; -0.055     ; 2.769      ;
; 17.284 ; FSM4ConsecutiveCounter:FSM0|State~4 ; FSM4ConsecutiveCounter:FSM0|State~5 ; Clock        ; Clock       ; 20.000       ; -0.054     ; 2.669      ;
; 17.864 ; FSM4ConsecutiveCounter:FSM0|State~3 ; FSM4ConsecutiveCounter:FSM0|State~2 ; Clock        ; Clock       ; 20.000       ; -0.025     ; 2.118      ;
; 18.004 ; FSM4ConsecutiveCounter:FSM0|State~4 ; FSM4ConsecutiveCounter:FSM0|State~2 ; Clock        ; Clock       ; 20.000       ; -0.025     ; 1.978      ;
; 18.114 ; FSM4ConsecutiveCounter:FSM0|State~2 ; FSM4ConsecutiveCounter:FSM0|State~2 ; Clock        ; Clock       ; 20.000       ; -0.025     ; 1.868      ;
; 18.137 ; FSM4ConsecutiveCounter:FSM0|State~2 ; FSM4ConsecutiveCounter:FSM0|State~4 ; Clock        ; Clock       ; 20.000       ; -0.025     ; 1.845      ;
; 18.223 ; FSM4ConsecutiveCounter:FSM0|State~4 ; FSM4ConsecutiveCounter:FSM0|State~4 ; Clock        ; Clock       ; 20.000       ; -0.025     ; 1.759      ;
; 18.408 ; FSM4ConsecutiveCounter:FSM0|State~4 ; FSM4ConsecutiveCounter:FSM0|State~3 ; Clock        ; Clock       ; 20.000       ; -0.025     ; 1.574      ;
; 18.520 ; FSM4ConsecutiveCounter:FSM0|State~3 ; FSM4ConsecutiveCounter:FSM0|State~4 ; Clock        ; Clock       ; 20.000       ; -0.025     ; 1.462      ;
; 19.598 ; FSM4ConsecutiveCounter:FSM0|State~2 ; FSM4ConsecutiveCounter:FSM0|State~3 ; Clock        ; Clock       ; 20.000       ; -0.025     ; 0.384      ;
; 19.626 ; FSM4ConsecutiveCounter:FSM0|State~3 ; FSM4ConsecutiveCounter:FSM0|State~3 ; Clock        ; Clock       ; 20.000       ; -0.022     ; 0.359      ;
+--------+-------------------------------------+-------------------------------------+--------------+-------------+--------------+------------+------------+


+---------------------------------------------------------------------------------------------------------------------------------------------------------+
; Fast 1200mV 0C Model Hold: 'Clock'                                                                                                                      ;
+-------+-------------------------------------+-------------------------------------+--------------+-------------+--------------+------------+------------+
; Slack ; From Node                           ; To Node                             ; Launch Clock ; Latch Clock ; Relationship ; Clock Skew ; Data Delay ;
+-------+-------------------------------------+-------------------------------------+--------------+-------------+--------------+------------+------------+
; 0.201 ; FSM4ConsecutiveCounter:FSM0|State~3 ; FSM4ConsecutiveCounter:FSM0|State~3 ; Clock        ; Clock       ; 0.000        ; 0.022      ; 0.307      ;
; 0.216 ; FSM4ConsecutiveCounter:FSM0|State~2 ; FSM4ConsecutiveCounter:FSM0|State~3 ; Clock        ; Clock       ; 0.000        ; 0.025      ; 0.325      ;
; 1.133 ; FSM4ConsecutiveCounter:FSM0|State~3 ; FSM4ConsecutiveCounter:FSM0|State~4 ; Clock        ; Clock       ; 0.000        ; 0.025      ; 1.242      ;
; 1.191 ; FSM4ConsecutiveCounter:FSM0|State~4 ; FSM4ConsecutiveCounter:FSM0|State~3 ; Clock        ; Clock       ; 0.000        ; 0.025      ; 1.300      ;
; 1.357 ; FSM4ConsecutiveCounter:FSM0|State~4 ; FSM4ConsecutiveCounter:FSM0|State~4 ; Clock        ; Clock       ; 0.000        ; 0.025      ; 1.466      ;
; 1.364 ; FSM4ConsecutiveCounter:FSM0|State~2 ; FSM4ConsecutiveCounter:FSM0|State~2 ; Clock        ; Clock       ; 0.000        ; 0.025      ; 1.473      ;
; 1.429 ; FSM4ConsecutiveCounter:FSM0|State~2 ; FSM4ConsecutiveCounter:FSM0|State~4 ; Clock        ; Clock       ; 0.000        ; 0.025      ; 1.538      ;
; 1.443 ; FSM4ConsecutiveCounter:FSM0|State~4 ; FSM4ConsecutiveCounter:FSM0|State~2 ; Clock        ; Clock       ; 0.000        ; 0.025      ; 1.552      ;
; 1.564 ; FSM4ConsecutiveCounter:FSM0|State~3 ; FSM4ConsecutiveCounter:FSM0|State~2 ; Clock        ; Clock       ; 0.000        ; 0.025      ; 1.673      ;
; 2.289 ; FSM4ConsecutiveCounter:FSM0|State~5 ; FSM4ConsecutiveCounter:FSM0|State~2 ; Clock        ; Clock       ; 0.000        ; 0.054      ; 2.427      ;
; 2.328 ; FSM4ConsecutiveCounter:FSM0|State~4 ; FSM4ConsecutiveCounter:FSM0|State~5 ; Clock        ; Clock       ; 0.000        ; 0.055      ; 2.467      ;
; 2.364 ; FSM4ConsecutiveCounter:FSM0|State~5 ; FSM4ConsecutiveCounter:FSM0|State~4 ; Clock        ; Clock       ; 0.000        ; 0.054      ; 2.502      ;
; 2.456 ; FSM4ConsecutiveCounter:FSM0|State~2 ; FSM4ConsecutiveCounter:FSM0|State~5 ; Clock        ; Clock       ; 0.000        ; 0.055      ; 2.595      ;
; 2.535 ; FSM4ConsecutiveCounter:FSM0|State~3 ; FSM4ConsecutiveCounter:FSM0|State~5 ; Clock        ; Clock       ; 0.000        ; 0.055      ; 2.674      ;
; 3.383 ; FSM4ConsecutiveCounter:FSM0|State~5 ; FSM4ConsecutiveCounter:FSM0|State~5 ; Clock        ; Clock       ; 0.000        ; 0.054      ; 3.521      ;
+-------+-------------------------------------+-------------------------------------+--------------+-------------+--------------+------------+------------+


+----------------------------------------------------------------------------------------------------------------------+
; Fast 1200mV 0C Model Minimum Pulse Width: 'Clock'                                                                    ;
+--------+--------------+----------------+------------------+-------+------------+-------------------------------------+
; Slack  ; Actual Width ; Required Width ; Type             ; Clock ; Clock Edge ; Target                              ;
+--------+--------------+----------------+------------------+-------+------------+-------------------------------------+
; 9.316  ; 9.500        ; 0.184          ; Low Pulse Width  ; Clock ; Rise       ; FSM4ConsecutiveCounter:FSM0|State~2 ;
; 9.316  ; 9.500        ; 0.184          ; Low Pulse Width  ; Clock ; Rise       ; FSM4ConsecutiveCounter:FSM0|State~3 ;
; 9.316  ; 9.500        ; 0.184          ; Low Pulse Width  ; Clock ; Rise       ; FSM4ConsecutiveCounter:FSM0|State~4 ;
; 9.331  ; 9.515        ; 0.184          ; Low Pulse Width  ; Clock ; Rise       ; FSM4ConsecutiveCounter:FSM0|State~5 ;
; 9.496  ; 9.496        ; 0.000          ; Low Pulse Width  ; Clock ; Rise       ; FSM0|State~2|clk                    ;
; 9.496  ; 9.496        ; 0.000          ; Low Pulse Width  ; Clock ; Rise       ; FSM0|State~3|clk                    ;
; 9.496  ; 9.496        ; 0.000          ; Low Pulse Width  ; Clock ; Rise       ; FSM0|State~4|clk                    ;
; 9.511  ; 9.511        ; 0.000          ; Low Pulse Width  ; Clock ; Rise       ; FSM0|State~5|clk                    ;
; 9.620  ; 9.620        ; 0.000          ; Low Pulse Width  ; Clock ; Rise       ; KEY[0]~input|o                      ;
; 10.000 ; 10.000       ; 0.000          ; High Pulse Width ; Clock ; Rise       ; KEY[0]~input|i                      ;
; 10.000 ; 10.000       ; 0.000          ; Low Pulse Width  ; Clock ; Rise       ; KEY[0]~input|i                      ;
; 10.265 ; 10.481       ; 0.216          ; High Pulse Width ; Clock ; Rise       ; FSM4ConsecutiveCounter:FSM0|State~5 ;
; 10.280 ; 10.496       ; 0.216          ; High Pulse Width ; Clock ; Rise       ; FSM4ConsecutiveCounter:FSM0|State~2 ;
; 10.280 ; 10.496       ; 0.216          ; High Pulse Width ; Clock ; Rise       ; FSM4ConsecutiveCounter:FSM0|State~3 ;
; 10.280 ; 10.496       ; 0.216          ; High Pulse Width ; Clock ; Rise       ; FSM4ConsecutiveCounter:FSM0|State~4 ;
; 10.380 ; 10.380       ; 0.000          ; High Pulse Width ; Clock ; Rise       ; KEY[0]~input|o                      ;
; 10.487 ; 10.487       ; 0.000          ; High Pulse Width ; Clock ; Rise       ; FSM0|State~5|clk                    ;
; 10.502 ; 10.502       ; 0.000          ; High Pulse Width ; Clock ; Rise       ; FSM0|State~2|clk                    ;
; 10.502 ; 10.502       ; 0.000          ; High Pulse Width ; Clock ; Rise       ; FSM0|State~3|clk                    ;
; 10.502 ; 10.502       ; 0.000          ; High Pulse Width ; Clock ; Rise       ; FSM0|State~4|clk                    ;
; 16.000 ; 20.000       ; 4.000          ; Port Rate        ; Clock ; Rise       ; KEY[0]                              ;
; 18.000 ; 20.000       ; 2.000          ; Min Period       ; Clock ; Rise       ; FSM4ConsecutiveCounter:FSM0|State~2 ;
; 18.000 ; 20.000       ; 2.000          ; Min Period       ; Clock ; Rise       ; FSM4ConsecutiveCounter:FSM0|State~3 ;
; 18.000 ; 20.000       ; 2.000          ; Min Period       ; Clock ; Rise       ; FSM4ConsecutiveCounter:FSM0|State~4 ;
; 18.000 ; 20.000       ; 2.000          ; Min Period       ; Clock ; Rise       ; FSM4ConsecutiveCounter:FSM0|State~5 ;
+--------+--------------+----------------+------------------+-------+------------+-------------------------------------+


+-----------------------------------------------------------------------+
; Setup Times                                                           ;
+-----------+------------+-------+-------+------------+-----------------+
; Data Port ; Clock Port ; Rise  ; Fall  ; Clock Edge ; Clock Reference ;
+-----------+------------+-------+-------+------------+-----------------+
; SW[*]     ; Clock      ; 2.660 ; 3.403 ; Rise       ; Clock           ;
;  SW[0]    ; Clock      ; 2.213 ; 3.010 ; Rise       ; Clock           ;
;  SW[1]    ; Clock      ; 2.660 ; 3.403 ; Rise       ; Clock           ;
+-----------+------------+-------+-------+------------+-----------------+


+-------------------------------------------------------------------------+
; Hold Times                                                              ;
+-----------+------------+--------+--------+------------+-----------------+
; Data Port ; Clock Port ; Rise   ; Fall   ; Clock Edge ; Clock Reference ;
+-----------+------------+--------+--------+------------+-----------------+
; SW[*]     ; Clock      ; -0.992 ; -1.648 ; Rise       ; Clock           ;
;  SW[0]    ; Clock      ; -0.992 ; -1.648 ; Rise       ; Clock           ;
;  SW[1]    ; Clock      ; -1.092 ; -1.762 ; Rise       ; Clock           ;
+-----------+------------+--------+--------+------------+-----------------+


+-----------------------------------------------------------------------+
; Clock to Output Times                                                 ;
+-----------+------------+-------+-------+------------+-----------------+
; Data Port ; Clock Port ; Rise  ; Fall  ; Clock Edge ; Clock Reference ;
+-----------+------------+-------+-------+------------+-----------------+
; LEDG[*]   ; Clock      ; 5.113 ; 5.361 ; Rise       ; Clock           ;
;  LEDG[0]  ; Clock      ; 5.113 ; 5.361 ; Rise       ; Clock           ;
; LEDR[*]   ; Clock      ; 4.947 ; 5.168 ; Rise       ; Clock           ;
;  LEDR[0]  ; Clock      ; 4.535 ; 4.734 ; Rise       ; Clock           ;
;  LEDR[1]  ; Clock      ; 4.263 ; 4.409 ; Rise       ; Clock           ;
;  LEDR[2]  ; Clock      ; 4.130 ; 4.254 ; Rise       ; Clock           ;
;  LEDR[3]  ; Clock      ; 4.947 ; 5.168 ; Rise       ; Clock           ;
+-----------+------------+-------+-------+------------+-----------------+


+-----------------------------------------------------------------------+
; Minimum Clock to Output Times                                         ;
+-----------+------------+-------+-------+------------+-----------------+
; Data Port ; Clock Port ; Rise  ; Fall  ; Clock Edge ; Clock Reference ;
+-----------+------------+-------+-------+------------+-----------------+
; LEDG[*]   ; Clock      ; 3.965 ; 4.096 ; Rise       ; Clock           ;
;  LEDG[0]  ; Clock      ; 3.965 ; 4.096 ; Rise       ; Clock           ;
; LEDR[*]   ; Clock      ; 3.983 ; 4.103 ; Rise       ; Clock           ;
;  LEDR[0]  ; Clock      ; 4.375 ; 4.566 ; Rise       ; Clock           ;
;  LEDR[1]  ; Clock      ; 4.111 ; 4.251 ; Rise       ; Clock           ;
;  LEDR[2]  ; Clock      ; 3.983 ; 4.103 ; Rise       ; Clock           ;
;  LEDR[3]  ; Clock      ; 4.769 ; 4.981 ; Rise       ; Clock           ;
+-----------+------------+-------+-------+------------+-----------------+


----------------------------------------------
; Fast 1200mV 0C Model Metastability Summary ;
----------------------------------------------
No synchronizer chains to report.


+------------------------------------------------------------------------------+
; Multicorner Timing Analysis Summary                                          ;
+------------------+--------+-------+----------+---------+---------------------+
; Clock            ; Setup  ; Hold  ; Recovery ; Removal ; Minimum Pulse Width ;
+------------------+--------+-------+----------+---------+---------------------+
; Worst-case Slack ; 12.713 ; 0.201 ; N/A      ; N/A     ; 9.316               ;
;  Clock           ; 12.713 ; 0.201 ; N/A      ; N/A     ; 9.316               ;
; Design-wide TNS  ; 0.0    ; 0.0   ; 0.0      ; 0.0     ; 0.0                 ;
;  Clock           ; 0.000  ; 0.000 ; N/A      ; N/A     ; 0.000               ;
+------------------+--------+-------+----------+---------+---------------------+


+-----------------------------------------------------------------------+
; Setup Times                                                           ;
+-----------+------------+-------+-------+------------+-----------------+
; Data Port ; Clock Port ; Rise  ; Fall  ; Clock Edge ; Clock Reference ;
+-----------+------------+-------+-------+------------+-----------------+
; SW[*]     ; Clock      ; 5.010 ; 5.477 ; Rise       ; Clock           ;
;  SW[0]    ; Clock      ; 4.286 ; 4.721 ; Rise       ; Clock           ;
;  SW[1]    ; Clock      ; 5.010 ; 5.477 ; Rise       ; Clock           ;
+-----------+------------+-------+-------+------------+-----------------+


+-------------------------------------------------------------------------+
; Hold Times                                                              ;
+-----------+------------+--------+--------+------------+-----------------+
; Data Port ; Clock Port ; Rise   ; Fall   ; Clock Edge ; Clock Reference ;
+-----------+------------+--------+--------+------------+-----------------+
; SW[*]     ; Clock      ; -0.992 ; -1.648 ; Rise       ; Clock           ;
;  SW[0]    ; Clock      ; -0.992 ; -1.648 ; Rise       ; Clock           ;
;  SW[1]    ; Clock      ; -1.092 ; -1.762 ; Rise       ; Clock           ;
+-----------+------------+--------+--------+------------+-----------------+


+-------------------------------------------------------------------------+
; Clock to Output Times                                                   ;
+-----------+------------+--------+--------+------------+-----------------+
; Data Port ; Clock Port ; Rise   ; Fall   ; Clock Edge ; Clock Reference ;
+-----------+------------+--------+--------+------------+-----------------+
; LEDG[*]   ; Clock      ; 10.237 ; 10.122 ; Rise       ; Clock           ;
;  LEDG[0]  ; Clock      ; 10.237 ; 10.122 ; Rise       ; Clock           ;
; LEDR[*]   ; Clock      ; 9.874  ; 9.746  ; Rise       ; Clock           ;
;  LEDR[0]  ; Clock      ; 8.951  ; 8.970  ; Rise       ; Clock           ;
;  LEDR[1]  ; Clock      ; 8.549  ; 8.453  ; Rise       ; Clock           ;
;  LEDR[2]  ; Clock      ; 8.227  ; 8.164  ; Rise       ; Clock           ;
;  LEDR[3]  ; Clock      ; 9.874  ; 9.746  ; Rise       ; Clock           ;
+-----------+------------+--------+--------+------------+-----------------+


+-----------------------------------------------------------------------+
; Minimum Clock to Output Times                                         ;
+-----------+------------+-------+-------+------------+-----------------+
; Data Port ; Clock Port ; Rise  ; Fall  ; Clock Edge ; Clock Reference ;
+-----------+------------+-------+-------+------------+-----------------+
; LEDG[*]   ; Clock      ; 3.965 ; 4.096 ; Rise       ; Clock           ;
;  LEDG[0]  ; Clock      ; 3.965 ; 4.096 ; Rise       ; Clock           ;
; LEDR[*]   ; Clock      ; 3.983 ; 4.103 ; Rise       ; Clock           ;
;  LEDR[0]  ; Clock      ; 4.375 ; 4.566 ; Rise       ; Clock           ;
;  LEDR[1]  ; Clock      ; 4.111 ; 4.251 ; Rise       ; Clock           ;
;  LEDR[2]  ; Clock      ; 3.983 ; 4.103 ; Rise       ; Clock           ;
;  LEDR[3]  ; Clock      ; 4.769 ; 4.981 ; Rise       ; Clock           ;
+-----------+------------+-------+-------+------------+-----------------+


+------------------------------------------------------------------------------------------------------------------------------------------------------------------------------------------------------------------------------------------------------------------------------------------------------------------------------------------------------------------------------------------------------------------+
; Board Trace Model Assignments                                                                                                                                                                                                                                                                                                                                                                                    ;
+---------------+--------------+-------------------+-------------------------+-------------------------+---------------+---------------------+----------------+------------------+--------+------------------+------------------------+------------------------+--------------+---------------+-----------------+-------+---------------------+--------------------+---------------+-----------------+-------------+
; Pin           ; I/O Standard ; Near Tline Length ; Near Tline L per Length ; Near Tline C per Length ; Near Series R ; Near Differential R ; Near Pull-up R ; Near Pull-down R ; Near C ; Far Tline Length ; Far Tline L per Length ; Far Tline C per Length ; Far Series R ; Far Pull-up R ; Far Pull-down R ; Far C ; Termination Voltage ; Far Differential R ; EBD File Name ; EBD Signal Name ; EBD Far-end ;
+---------------+--------------+-------------------+-------------------------+-------------------------+---------------+---------------------+----------------+------------------+--------+------------------+------------------------+------------------------+--------------+---------------+-----------------+-------+---------------------+--------------------+---------------+-----------------+-------------+
; LEDG[0]       ; 2.5 V        ; 0 in              ; 0 H/in                  ; 0 F/in                  ; short         ; -                   ; open           ; open             ; open   ; 0 in             ; 0 H/in                 ; 0 F/in                 ; short        ; open          ; open            ; open  ; 0 V                 ; -                  ; n/a           ; n/a             ; n/a         ;
; LEDR[0]       ; 2.5 V        ; 0 in              ; 0 H/in                  ; 0 F/in                  ; short         ; -                   ; open           ; open             ; open   ; 0 in             ; 0 H/in                 ; 0 F/in                 ; short        ; open          ; open            ; open  ; 0 V                 ; -                  ; n/a           ; n/a             ; n/a         ;
; LEDR[1]       ; 2.5 V        ; 0 in              ; 0 H/in                  ; 0 F/in                  ; short         ; -                   ; open           ; open             ; open   ; 0 in             ; 0 H/in                 ; 0 F/in                 ; short        ; open          ; open            ; open  ; 0 V                 ; -                  ; n/a           ; n/a             ; n/a         ;
; LEDR[2]       ; 2.5 V        ; 0 in              ; 0 H/in                  ; 0 F/in                  ; short         ; -                   ; open           ; open             ; open   ; 0 in             ; 0 H/in                 ; 0 F/in                 ; short        ; open          ; open            ; open  ; 0 V                 ; -                  ; n/a           ; n/a             ; n/a         ;
; LEDR[3]       ; 2.5 V        ; 0 in              ; 0 H/in                  ; 0 F/in                  ; short         ; -                   ; open           ; open             ; open   ; 0 in             ; 0 H/in                 ; 0 F/in                 ; short        ; open          ; open            ; open  ; 0 V                 ; -                  ; n/a           ; n/a             ; n/a         ;
; ~ALTERA_DCLK~ ; 2.5 V        ; 0 in              ; 0 H/in                  ; 0 F/in                  ; short         ; -                   ; open           ; open             ; open   ; 0 in             ; 0 H/in                 ; 0 F/in                 ; short        ; open          ; open            ; open  ; 0 V                 ; -                  ; n/a           ; n/a             ; n/a         ;
; ~ALTERA_nCEO~ ; 2.5 V        ; 0 in              ; 0 H/in                  ; 0 F/in                  ; short         ; -                   ; open           ; open             ; open   ; 0 in             ; 0 H/in                 ; 0 F/in                 ; short        ; open          ; open            ; open  ; 0 V                 ; -                  ; n/a           ; n/a             ; n/a         ;
+---------------+--------------+-------------------+-------------------------+-------------------------+---------------+---------------------+----------------+------------------+--------+------------------+------------------------+------------------------+--------------+---------------+-----------------+-------+---------------------+--------------------+---------------+-----------------+-------------+


+----------------------------------------------------------------------------+
; Input Transition Times                                                     ;
+-------------------------+--------------+-----------------+-----------------+
; Pin                     ; I/O Standard ; 10-90 Rise Time ; 90-10 Fall Time ;
+-------------------------+--------------+-----------------+-----------------+
; SW[0]                   ; 2.5 V        ; 2000 ps         ; 2000 ps         ;
; SW[1]                   ; 2.5 V        ; 2000 ps         ; 2000 ps         ;
; KEY[0]                  ; 2.5 V        ; 2000 ps         ; 2000 ps         ;
; ~ALTERA_ASDO_DATA1~     ; 2.5 V        ; 2000 ps         ; 2000 ps         ;
; ~ALTERA_FLASH_nCE_nCSO~ ; 2.5 V        ; 2000 ps         ; 2000 ps         ;
; ~ALTERA_DATA0~          ; 2.5 V        ; 2000 ps         ; 2000 ps         ;
+-------------------------+--------------+-----------------+-----------------+


+--------------------------------------------------------------------------------------------------------------------------------------------------------------------------------------------------------------------------------------------------------------------------------------------------------------------------------------------------------------------------------------------------------------------------------------------------------------------------------------------------------------------------------------------------------------------------------------------------------------------------------------------------------------------------------------------+
; Signal Integrity Metrics (Slow 1200mv 0c Model)                                                                                                                                                                                                                                                                                                                                                                                                                                                                                                                                                                                                                                            ;
+---------------+--------------+---------------------+---------------------+------------------------------+------------------------------+---------------------+---------------------+--------------------------------------+--------------------------------------+-----------------------------+-----------------------------+----------------------------+----------------------------+-----------------------------+-----------------------------+--------------------+--------------------+-------------------------------------+-------------------------------------+----------------------------+----------------------------+---------------------------+---------------------------+
; Pin           ; I/O Standard ; Board Delay on Rise ; Board Delay on Fall ; Steady State Voh at FPGA Pin ; Steady State Vol at FPGA Pin ; Voh Max at FPGA Pin ; Vol Min at FPGA Pin ; Ringback Voltage on Rise at FPGA Pin ; Ringback Voltage on Fall at FPGA Pin ; 10-90 Rise Time at FPGA Pin ; 90-10 Fall Time at FPGA Pin ; Monotonic Rise at FPGA Pin ; Monotonic Fall at FPGA Pin ; Steady State Voh at Far-end ; Steady State Vol at Far-end ; Voh Max at Far-end ; Vol Min at Far-end ; Ringback Voltage on Rise at Far-end ; Ringback Voltage on Fall at Far-end ; 10-90 Rise Time at Far-end ; 90-10 Fall Time at Far-end ; Monotonic Rise at Far-end ; Monotonic Fall at Far-end ;
+---------------+--------------+---------------------+---------------------+------------------------------+------------------------------+---------------------+---------------------+--------------------------------------+--------------------------------------+-----------------------------+-----------------------------+----------------------------+----------------------------+-----------------------------+-----------------------------+--------------------+--------------------+-------------------------------------+-------------------------------------+----------------------------+----------------------------+---------------------------+---------------------------+
; LEDG[0]       ; 2.5 V        ; 0 s                 ; 0 s                 ; 2.32 V                       ; 4.49e-09 V                   ; 2.38 V              ; -0.00552 V          ; 0.096 V                              ; 0.019 V                              ; 4.18e-10 s                  ; 3.59e-10 s                  ; No                         ; Yes                        ; 2.32 V                      ; 4.49e-09 V                  ; 2.38 V             ; -0.00552 V         ; 0.096 V                             ; 0.019 V                             ; 4.18e-10 s                 ; 3.59e-10 s                 ; No                        ; Yes                       ;
; LEDR[0]       ; 2.5 V        ; 0 s                 ; 0 s                 ; 2.32 V                       ; 4.49e-09 V                   ; 2.38 V              ; -0.00552 V          ; 0.096 V                              ; 0.019 V                              ; 4.18e-10 s                  ; 3.59e-10 s                  ; No                         ; Yes                        ; 2.32 V                      ; 4.49e-09 V                  ; 2.38 V             ; -0.00552 V         ; 0.096 V                             ; 0.019 V                             ; 4.18e-10 s                 ; 3.59e-10 s                 ; No                        ; Yes                       ;
; LEDR[1]       ; 2.5 V        ; 0 s                 ; 0 s                 ; 2.32 V                       ; 4.49e-09 V                   ; 2.38 V              ; -0.00552 V          ; 0.096 V                              ; 0.019 V                              ; 4.18e-10 s                  ; 3.59e-10 s                  ; No                         ; Yes                        ; 2.32 V                      ; 4.49e-09 V                  ; 2.38 V             ; -0.00552 V         ; 0.096 V                             ; 0.019 V                             ; 4.18e-10 s                 ; 3.59e-10 s                 ; No                        ; Yes                       ;
; LEDR[2]       ; 2.5 V        ; 0 s                 ; 0 s                 ; 2.32 V                       ; 4.49e-09 V                   ; 2.38 V              ; -0.00552 V          ; 0.096 V                              ; 0.019 V                              ; 4.18e-10 s                  ; 3.59e-10 s                  ; No                         ; Yes                        ; 2.32 V                      ; 4.49e-09 V                  ; 2.38 V             ; -0.00552 V         ; 0.096 V                             ; 0.019 V                             ; 4.18e-10 s                 ; 3.59e-10 s                 ; No                        ; Yes                       ;
; LEDR[3]       ; 2.5 V        ; 0 s                 ; 0 s                 ; 2.32 V                       ; 4.49e-09 V                   ; 2.38 V              ; -0.00552 V          ; 0.096 V                              ; 0.019 V                              ; 4.18e-10 s                  ; 3.59e-10 s                  ; No                         ; Yes                        ; 2.32 V                      ; 4.49e-09 V                  ; 2.38 V             ; -0.00552 V         ; 0.096 V                             ; 0.019 V                             ; 4.18e-10 s                 ; 3.59e-10 s                 ; No                        ; Yes                       ;
; ~ALTERA_DCLK~ ; 2.5 V        ; 0 s                 ; 0 s                 ; 2.32 V                       ; 2.67e-09 V                   ; 2.38 V              ; -0.0485 V           ; 0.167 V                              ; 0.096 V                              ; 2.95e-10 s                  ; 2.73e-10 s                  ; Yes                        ; Yes                        ; 2.32 V                      ; 2.67e-09 V                  ; 2.38 V             ; -0.0485 V          ; 0.167 V                             ; 0.096 V                             ; 2.95e-10 s                 ; 2.73e-10 s                 ; Yes                       ; Yes                       ;
; ~ALTERA_nCEO~ ; 2.5 V        ; 0 s                 ; 0 s                 ; 2.32 V                       ; 4.18e-09 V                   ; 2.38 V              ; -0.00483 V          ; 0.152 V                              ; 0.012 V                              ; 4.81e-10 s                  ; 6.29e-10 s                  ; Yes                        ; Yes                        ; 2.32 V                      ; 4.18e-09 V                  ; 2.38 V             ; -0.00483 V         ; 0.152 V                             ; 0.012 V                             ; 4.81e-10 s                 ; 6.29e-10 s                 ; Yes                       ; Yes                       ;
+---------------+--------------+---------------------+---------------------+------------------------------+------------------------------+---------------------+---------------------+--------------------------------------+--------------------------------------+-----------------------------+-----------------------------+----------------------------+----------------------------+-----------------------------+-----------------------------+--------------------+--------------------+-------------------------------------+-------------------------------------+----------------------------+----------------------------+---------------------------+---------------------------+


+--------------------------------------------------------------------------------------------------------------------------------------------------------------------------------------------------------------------------------------------------------------------------------------------------------------------------------------------------------------------------------------------------------------------------------------------------------------------------------------------------------------------------------------------------------------------------------------------------------------------------------------------------------------------------------------------+
; Signal Integrity Metrics (Slow 1200mv 85c Model)                                                                                                                                                                                                                                                                                                                                                                                                                                                                                                                                                                                                                                           ;
+---------------+--------------+---------------------+---------------------+------------------------------+------------------------------+---------------------+---------------------+--------------------------------------+--------------------------------------+-----------------------------+-----------------------------+----------------------------+----------------------------+-----------------------------+-----------------------------+--------------------+--------------------+-------------------------------------+-------------------------------------+----------------------------+----------------------------+---------------------------+---------------------------+
; Pin           ; I/O Standard ; Board Delay on Rise ; Board Delay on Fall ; Steady State Voh at FPGA Pin ; Steady State Vol at FPGA Pin ; Voh Max at FPGA Pin ; Vol Min at FPGA Pin ; Ringback Voltage on Rise at FPGA Pin ; Ringback Voltage on Fall at FPGA Pin ; 10-90 Rise Time at FPGA Pin ; 90-10 Fall Time at FPGA Pin ; Monotonic Rise at FPGA Pin ; Monotonic Fall at FPGA Pin ; Steady State Voh at Far-end ; Steady State Vol at Far-end ; Voh Max at Far-end ; Vol Min at Far-end ; Ringback Voltage on Rise at Far-end ; Ringback Voltage on Fall at Far-end ; 10-90 Rise Time at Far-end ; 90-10 Fall Time at Far-end ; Monotonic Rise at Far-end ; Monotonic Fall at Far-end ;
+---------------+--------------+---------------------+---------------------+------------------------------+------------------------------+---------------------+---------------------+--------------------------------------+--------------------------------------+-----------------------------+-----------------------------+----------------------------+----------------------------+-----------------------------+-----------------------------+--------------------+--------------------+-------------------------------------+-------------------------------------+----------------------------+----------------------------+---------------------------+---------------------------+
; LEDG[0]       ; 2.5 V        ; 0 s                 ; 0 s                 ; 2.32 V                       ; 6.92e-07 V                   ; 2.35 V              ; -0.00996 V          ; 0.121 V                              ; 0.03 V                               ; 4.64e-10 s                  ; 4.47e-10 s                  ; Yes                        ; Yes                        ; 2.32 V                      ; 6.92e-07 V                  ; 2.35 V             ; -0.00996 V         ; 0.121 V                             ; 0.03 V                              ; 4.64e-10 s                 ; 4.47e-10 s                 ; Yes                       ; Yes                       ;
; LEDR[0]       ; 2.5 V        ; 0 s                 ; 0 s                 ; 2.32 V                       ; 6.92e-07 V                   ; 2.35 V              ; -0.00996 V          ; 0.121 V                              ; 0.03 V                               ; 4.64e-10 s                  ; 4.47e-10 s                  ; Yes                        ; Yes                        ; 2.32 V                      ; 6.92e-07 V                  ; 2.35 V             ; -0.00996 V         ; 0.121 V                             ; 0.03 V                              ; 4.64e-10 s                 ; 4.47e-10 s                 ; Yes                       ; Yes                       ;
; LEDR[1]       ; 2.5 V        ; 0 s                 ; 0 s                 ; 2.32 V                       ; 6.92e-07 V                   ; 2.35 V              ; -0.00996 V          ; 0.121 V                              ; 0.03 V                               ; 4.64e-10 s                  ; 4.47e-10 s                  ; Yes                        ; Yes                        ; 2.32 V                      ; 6.92e-07 V                  ; 2.35 V             ; -0.00996 V         ; 0.121 V                             ; 0.03 V                              ; 4.64e-10 s                 ; 4.47e-10 s                 ; Yes                       ; Yes                       ;
; LEDR[2]       ; 2.5 V        ; 0 s                 ; 0 s                 ; 2.32 V                       ; 6.92e-07 V                   ; 2.35 V              ; -0.00996 V          ; 0.121 V                              ; 0.03 V                               ; 4.64e-10 s                  ; 4.47e-10 s                  ; Yes                        ; Yes                        ; 2.32 V                      ; 6.92e-07 V                  ; 2.35 V             ; -0.00996 V         ; 0.121 V                             ; 0.03 V                              ; 4.64e-10 s                 ; 4.47e-10 s                 ; Yes                       ; Yes                       ;
; LEDR[3]       ; 2.5 V        ; 0 s                 ; 0 s                 ; 2.32 V                       ; 6.92e-07 V                   ; 2.35 V              ; -0.00996 V          ; 0.121 V                              ; 0.03 V                               ; 4.64e-10 s                  ; 4.47e-10 s                  ; Yes                        ; Yes                        ; 2.32 V                      ; 6.92e-07 V                  ; 2.35 V             ; -0.00996 V         ; 0.121 V                             ; 0.03 V                              ; 4.64e-10 s                 ; 4.47e-10 s                 ; Yes                       ; Yes                       ;
; ~ALTERA_DCLK~ ; 2.5 V        ; 0 s                 ; 0 s                 ; 2.32 V                       ; 3.75e-07 V                   ; 2.35 V              ; -0.0109 V           ; 0.084 V                              ; 0.027 V                              ; 4.31e-10 s                  ; 3.61e-10 s                  ; Yes                        ; Yes                        ; 2.32 V                      ; 3.75e-07 V                  ; 2.35 V             ; -0.0109 V          ; 0.084 V                             ; 0.027 V                             ; 4.31e-10 s                 ; 3.61e-10 s                 ; Yes                       ; Yes                       ;
; ~ALTERA_nCEO~ ; 2.5 V        ; 0 s                 ; 0 s                 ; 2.32 V                       ; 6.15e-07 V                   ; 2.35 V              ; -0.00712 V          ; 0.093 V                              ; 0.02 V                               ; 6.21e-10 s                  ; 7.9e-10 s                   ; Yes                        ; Yes                        ; 2.32 V                      ; 6.15e-07 V                  ; 2.35 V             ; -0.00712 V         ; 0.093 V                             ; 0.02 V                              ; 6.21e-10 s                 ; 7.9e-10 s                  ; Yes                       ; Yes                       ;
+---------------+--------------+---------------------+---------------------+------------------------------+------------------------------+---------------------+---------------------+--------------------------------------+--------------------------------------+-----------------------------+-----------------------------+----------------------------+----------------------------+-----------------------------+-----------------------------+--------------------+--------------------+-------------------------------------+-------------------------------------+----------------------------+----------------------------+---------------------------+---------------------------+


+--------------------------------------------------------------------------------------------------------------------------------------------------------------------------------------------------------------------------------------------------------------------------------------------------------------------------------------------------------------------------------------------------------------------------------------------------------------------------------------------------------------------------------------------------------------------------------------------------------------------------------------------------------------------------------------------+
; Signal Integrity Metrics (Fast 1200mv 0c Model)                                                                                                                                                                                                                                                                                                                                                                                                                                                                                                                                                                                                                                            ;
+---------------+--------------+---------------------+---------------------+------------------------------+------------------------------+---------------------+---------------------+--------------------------------------+--------------------------------------+-----------------------------+-----------------------------+----------------------------+----------------------------+-----------------------------+-----------------------------+--------------------+--------------------+-------------------------------------+-------------------------------------+----------------------------+----------------------------+---------------------------+---------------------------+
; Pin           ; I/O Standard ; Board Delay on Rise ; Board Delay on Fall ; Steady State Voh at FPGA Pin ; Steady State Vol at FPGA Pin ; Voh Max at FPGA Pin ; Vol Min at FPGA Pin ; Ringback Voltage on Rise at FPGA Pin ; Ringback Voltage on Fall at FPGA Pin ; 10-90 Rise Time at FPGA Pin ; 90-10 Fall Time at FPGA Pin ; Monotonic Rise at FPGA Pin ; Monotonic Fall at FPGA Pin ; Steady State Voh at Far-end ; Steady State Vol at Far-end ; Voh Max at Far-end ; Vol Min at Far-end ; Ringback Voltage on Rise at Far-end ; Ringback Voltage on Fall at Far-end ; 10-90 Rise Time at Far-end ; 90-10 Fall Time at Far-end ; Monotonic Rise at Far-end ; Monotonic Fall at Far-end ;
+---------------+--------------+---------------------+---------------------+------------------------------+------------------------------+---------------------+---------------------+--------------------------------------+--------------------------------------+-----------------------------+-----------------------------+----------------------------+----------------------------+-----------------------------+-----------------------------+--------------------+--------------------+-------------------------------------+-------------------------------------+----------------------------+----------------------------+---------------------------+---------------------------+
; LEDG[0]       ; 2.5 V        ; 0 s                 ; 0 s                 ; 2.62 V                       ; 4.05e-08 V                   ; 2.72 V              ; -0.0349 V           ; 0.173 V                              ; 0.1 V                                ; 2.72e-10 s                  ; 2.69e-10 s                  ; Yes                        ; Yes                        ; 2.62 V                      ; 4.05e-08 V                  ; 2.72 V             ; -0.0349 V          ; 0.173 V                             ; 0.1 V                               ; 2.72e-10 s                 ; 2.69e-10 s                 ; Yes                       ; Yes                       ;
; LEDR[0]       ; 2.5 V        ; 0 s                 ; 0 s                 ; 2.62 V                       ; 4.05e-08 V                   ; 2.72 V              ; -0.0349 V           ; 0.173 V                              ; 0.1 V                                ; 2.72e-10 s                  ; 2.69e-10 s                  ; Yes                        ; Yes                        ; 2.62 V                      ; 4.05e-08 V                  ; 2.72 V             ; -0.0349 V          ; 0.173 V                             ; 0.1 V                               ; 2.72e-10 s                 ; 2.69e-10 s                 ; Yes                       ; Yes                       ;
; LEDR[1]       ; 2.5 V        ; 0 s                 ; 0 s                 ; 2.62 V                       ; 4.05e-08 V                   ; 2.72 V              ; -0.0349 V           ; 0.173 V                              ; 0.1 V                                ; 2.72e-10 s                  ; 2.69e-10 s                  ; Yes                        ; Yes                        ; 2.62 V                      ; 4.05e-08 V                  ; 2.72 V             ; -0.0349 V          ; 0.173 V                             ; 0.1 V                               ; 2.72e-10 s                 ; 2.69e-10 s                 ; Yes                       ; Yes                       ;
; LEDR[2]       ; 2.5 V        ; 0 s                 ; 0 s                 ; 2.62 V                       ; 4.05e-08 V                   ; 2.72 V              ; -0.0349 V           ; 0.173 V                              ; 0.1 V                                ; 2.72e-10 s                  ; 2.69e-10 s                  ; Yes                        ; Yes                        ; 2.62 V                      ; 4.05e-08 V                  ; 2.72 V             ; -0.0349 V          ; 0.173 V                             ; 0.1 V                               ; 2.72e-10 s                 ; 2.69e-10 s                 ; Yes                       ; Yes                       ;
; LEDR[3]       ; 2.5 V        ; 0 s                 ; 0 s                 ; 2.62 V                       ; 4.05e-08 V                   ; 2.72 V              ; -0.0349 V           ; 0.173 V                              ; 0.1 V                                ; 2.72e-10 s                  ; 2.69e-10 s                  ; Yes                        ; Yes                        ; 2.62 V                      ; 4.05e-08 V                  ; 2.72 V             ; -0.0349 V          ; 0.173 V                             ; 0.1 V                               ; 2.72e-10 s                 ; 2.69e-10 s                 ; Yes                       ; Yes                       ;
; ~ALTERA_DCLK~ ; 2.5 V        ; 0 s                 ; 0 s                 ; 2.62 V                       ; 2.22e-08 V                   ; 2.74 V              ; -0.06 V             ; 0.158 V                              ; 0.08 V                               ; 2.68e-10 s                  ; 2.19e-10 s                  ; Yes                        ; Yes                        ; 2.62 V                      ; 2.22e-08 V                  ; 2.74 V             ; -0.06 V            ; 0.158 V                             ; 0.08 V                              ; 2.68e-10 s                 ; 2.19e-10 s                 ; Yes                       ; Yes                       ;
; ~ALTERA_nCEO~ ; 2.5 V        ; 0 s                 ; 0 s                 ; 2.62 V                       ; 3.54e-08 V                   ; 2.7 V               ; -0.00943 V          ; 0.276 V                              ; 0.035 V                              ; 3.19e-10 s                  ; 4.99e-10 s                  ; No                         ; Yes                        ; 2.62 V                      ; 3.54e-08 V                  ; 2.7 V              ; -0.00943 V         ; 0.276 V                             ; 0.035 V                             ; 3.19e-10 s                 ; 4.99e-10 s                 ; No                        ; Yes                       ;
+---------------+--------------+---------------------+---------------------+------------------------------+------------------------------+---------------------+---------------------+--------------------------------------+--------------------------------------+-----------------------------+-----------------------------+----------------------------+----------------------------+-----------------------------+-----------------------------+--------------------+--------------------+-------------------------------------+-------------------------------------+----------------------------+----------------------------+---------------------------+---------------------------+


+-------------------------------------------------------------------+
; Setup Transfers                                                   ;
+------------+----------+----------+----------+----------+----------+
; From Clock ; To Clock ; RR Paths ; FR Paths ; RF Paths ; FF Paths ;
+------------+----------+----------+----------+----------+----------+
; Clock      ; Clock    ; 21       ; 0        ; 0        ; 0        ;
+------------+----------+----------+----------+----------+----------+
Entries labeled "false path" only account for clock-to-clock false paths and not path-based false paths. As a result, actual path counts may be lower than reported.


+-------------------------------------------------------------------+
; Hold Transfers                                                    ;
+------------+----------+----------+----------+----------+----------+
; From Clock ; To Clock ; RR Paths ; FR Paths ; RF Paths ; FF Paths ;
+------------+----------+----------+----------+----------+----------+
; Clock      ; Clock    ; 21       ; 0        ; 0        ; 0        ;
+------------+----------+----------+----------+----------+----------+
Entries labeled "false path" only account for clock-to-clock false paths and not path-based false paths. As a result, actual path counts may be lower than reported.


---------------
; Report TCCS ;
---------------
No dedicated SERDES Transmitter circuitry present in device or used in design


---------------
; Report RSKM ;
---------------
No non-DPA dedicated SERDES Receiver circuitry present in device or used in design


+------------------------------------------------+
; Unconstrained Paths                            ;
+---------------------------------+-------+------+
; Property                        ; Setup ; Hold ;
+---------------------------------+-------+------+
; Illegal Clocks                  ; 0     ; 0    ;
; Unconstrained Clocks            ; 0     ; 0    ;
; Unconstrained Input Ports       ; 2     ; 2    ;
; Unconstrained Input Port Paths  ; 8     ; 8    ;
; Unconstrained Output Ports      ; 5     ; 5    ;
; Unconstrained Output Port Paths ; 8     ; 8    ;
+---------------------------------+-------+------+


+------------------------------------+
; TimeQuest Timing Analyzer Messages ;
+------------------------------------+
Info: *******************************************************************
Info: Running Quartus II 64-Bit TimeQuest Timing Analyzer
    Info: Version 15.0.0 Build 145 04/22/2015 SJ Web Edition
    Info: Processing started: Tue May 10 15:53:47 2016
Info: Command: quartus_sta Part2 -c Part2
Info: qsta_default_script.tcl version: #11
Info (20030): Parallel compilation is enabled and will use 4 of the 4 processors detected
Info (21077): Low junction temperature is 0 degrees C
Info (21077): High junction temperature is 85 degrees C
Info (332104): Reading SDC File: 'Part2.out.sdc'
Critical Warning (332168): The following clock transfers have no clock uncertainty assignment. For more accurate results, apply clock uncertainty assignments or use the derive_clock_uncertainty command.
    Critical Warning (332169): From Clock (Rise) to Clock (Rise) (setup and hold)
Info: Found TIMEQUEST_REPORT_SCRIPT_INCLUDE_DEFAULT_ANALYSIS = ON
Info: Analyzing Slow 1200mV 85C Model
Info (332146): Worst-case setup slack is 12.713
    Info (332119):     Slack       End Point TNS Clock 
    Info (332119): ========= =================== =====================
    Info (332119):    12.713               0.000 Clock 
Info (332146): Worst-case hold slack is 0.440
    Info (332119):     Slack       End Point TNS Clock 
    Info (332119): ========= =================== =====================
    Info (332119):     0.440               0.000 Clock 
Info (332140): No Recovery paths to report
Info (332140): No Removal paths to report
Info (332146): Worst-case minimum pulse width slack is 9.733
    Info (332119):     Slack       End Point TNS Clock 
    Info (332119): ========= =================== =====================
    Info (332119):     9.733               0.000 Clock 
Info: Analyzing Slow 1200mV 0C Model
Info (334003): Started post-fitting delay annotation
Info (334004): Delay annotation completed successfully
Critical Warning (332168): The following clock transfers have no clock uncertainty assignment. For more accurate results, apply clock uncertainty assignments or use the derive_clock_uncertainty command.
    Critical Warning (332169): From Clock (Rise) to Clock (Rise) (setup and hold)
Info (332146): Worst-case setup slack is 13.308
    Info (332119):     Slack       End Point TNS Clock 
    Info (332119): ========= =================== =====================
    Info (332119):    13.308               0.000 Clock 
Info (332146): Worst-case hold slack is 0.387
    Info (332119):     Slack       End Point TNS Clock 
    Info (332119): ========= =================== =====================
    Info (332119):     0.387               0.000 Clock 
Info (332140): No Recovery paths to report
Info (332140): No Removal paths to report
Info (332146): Worst-case minimum pulse width slack is 9.705
    Info (332119):     Slack       End Point TNS Clock 
    Info (332119): ========= =================== =====================
    Info (332119):     9.705               0.000 Clock 
Info: Analyzing Fast 1200mV 0C Model
Critical Warning (332168): The following clock transfers have no clock uncertainty assignment. For more accurate results, apply clock uncertainty assignments or use the derive_clock_uncertainty command.
    Critical Warning (332169): From Clock (Rise) to Clock (Rise) (setup and hold)
Info (332146): Worst-case setup slack is 16.248
    Info (332119):     Slack       End Point TNS Clock 
    Info (332119): ========= =================== =====================
    Info (332119):    16.248               0.000 Clock 
Info (332146): Worst-case hold slack is 0.201
    Info (332119):     Slack       End Point TNS Clock 
    Info (332119): ========= =================== =====================
    Info (332119):     0.201               0.000 Clock 
Info (332140): No Recovery paths to report
Info (332140): No Removal paths to report
Info (332146): Worst-case minimum pulse width slack is 9.316
    Info (332119):     Slack       End Point TNS Clock 
    Info (332119): ========= =================== =====================
    Info (332119):     9.316               0.000 Clock 
Info (332102): Design is not fully constrained for setup requirements
Info (332102): Design is not fully constrained for hold requirements
Info: Quartus II 64-Bit TimeQuest Timing Analyzer was successful. 0 errors, 6 warnings
    Info: Peak virtual memory: 781 megabytes
    Info: Processing ended: Tue May 10 15:53:50 2016
    Info: Elapsed time: 00:00:03
    Info: Total CPU time (on all processors): 00:00:02


