Analysis & Synthesis report for FadeLUT
Wed Jun 01 02:04:00 2016
Quartus II 64-Bit Version 15.0.0 Build 145 04/22/2015 SJ Web Edition


---------------------
; Table of Contents ;
---------------------
  1. Legal Notice
  2. Analysis & Synthesis Summary
  3. Analysis & Synthesis Settings
  4. Parallel Compilation
  5. Analysis & Synthesis Source Files Read
  6. Analysis & Synthesis Resource Usage Summary
  7. Analysis & Synthesis Resource Utilization by Entity
  8. Analysis & Synthesis RAM Summary
  9. Analysis & Synthesis IP Cores Summary
 10. Registers Removed During Synthesis
 11. General Register Statistics
 12. Inverted Register Statistics
 13. Multiplexer Restructuring Statistics (Restructuring Performed)
 14. Source assignments for FadeLUTROM:FadeLUTROM_inst|altsyncram:altsyncram_component|altsyncram_3vb1:auto_generated|altsyncram_gfd2:altsyncram1
 15. Parameter Settings for User Entity Instance: FadeLUTROM:FadeLUTROM_inst|altsyncram:altsyncram_component
 16. altsyncram Parameter Settings by Entity Instance
 17. Port Connectivity Checks: "PWM8:PWM"
 18. In-System Memory Content Editor Settings
 19. Post-Synthesis Netlist Statistics for Top Partition
 20. Elapsed Time Per Partition
 21. Analysis & Synthesis Messages
 22. Analysis & Synthesis Suppressed Messages



----------------
; Legal Notice ;
----------------
Copyright (C) 1991-2015 Altera Corporation. All rights reserved.
Your use of Altera Corporation's design tools, logic functions 
and other software and tools, and its AMPP partner logic 
functions, and any output files from any of the foregoing 
(including device programming or simulation files), and any 
associated documentation or information are expressly subject 
to the terms and conditions of the Altera Program License 
Subscription Agreement, the Altera Quartus II License Agreement,
the Altera MegaCore Function License Agreement, or other 
applicable license agreement, including, without limitation, 
that your use is for the sole purpose of programming logic 
devices manufactured by Altera and sold by Altera or its 
authorized distributors.  Please refer to the applicable 
agreement for further details.



+---------------------------------------------------------------------------------+
; Analysis & Synthesis Summary                                                    ;
+------------------------------------+--------------------------------------------+
; Analysis & Synthesis Status        ; Successful - Wed Jun 01 02:04:00 2016      ;
; Quartus II 64-Bit Version          ; 15.0.0 Build 145 04/22/2015 SJ Web Edition ;
; Revision Name                      ; FadeLUT                                    ;
; Top-level Entity Name              ; FadeLUT                                    ;
; Family                             ; Cyclone IV E                               ;
; Total logic elements               ; 265                                        ;
;     Total combinational functions  ; 240                                        ;
;     Dedicated logic registers      ; 156                                        ;
; Total registers                    ; 156                                        ;
; Total pins                         ; 36                                         ;
; Total virtual pins                 ; 0                                          ;
; Total memory bits                  ; 2,048                                      ;
; Embedded Multiplier 9-bit elements ; 0                                          ;
; Total PLLs                         ; 0                                          ;
+------------------------------------+--------------------------------------------+


+----------------------------------------------------------------------------------------------------------------------+
; Analysis & Synthesis Settings                                                                                        ;
+----------------------------------------------------------------------------+--------------------+--------------------+
; Option                                                                     ; Setting            ; Default Value      ;
+----------------------------------------------------------------------------+--------------------+--------------------+
; Device                                                                     ; EP4CE115F29C7      ;                    ;
; Top-level entity name                                                      ; FadeLUT            ; FadeLUT            ;
; Family name                                                                ; Cyclone IV E       ; Cyclone V          ;
; Use smart compilation                                                      ; Off                ; Off                ;
; Enable parallel Assembler and TimeQuest Timing Analyzer during compilation ; On                 ; On                 ;
; Enable compact report table                                                ; Off                ; Off                ;
; Restructure Multiplexers                                                   ; Auto               ; Auto               ;
; Create Debugging Nodes for IP Cores                                        ; Off                ; Off                ;
; Preserve fewer node names                                                  ; On                 ; On                 ;
; Disable OpenCore Plus hardware evaluation                                  ; Off                ; Off                ;
; Verilog Version                                                            ; Verilog_2001       ; Verilog_2001       ;
; VHDL Version                                                               ; VHDL_1993          ; VHDL_1993          ;
; State Machine Processing                                                   ; Auto               ; Auto               ;
; Safe State Machine                                                         ; Off                ; Off                ;
; Extract Verilog State Machines                                             ; On                 ; On                 ;
; Extract VHDL State Machines                                                ; On                 ; On                 ;
; Ignore Verilog initial constructs                                          ; Off                ; Off                ;
; Iteration limit for constant Verilog loops                                 ; 5000               ; 5000               ;
; Iteration limit for non-constant Verilog loops                             ; 250                ; 250                ;
; Add Pass-Through Logic to Inferred RAMs                                    ; On                 ; On                 ;
; Infer RAMs from Raw Logic                                                  ; On                 ; On                 ;
; Parallel Synthesis                                                         ; On                 ; On                 ;
; DSP Block Balancing                                                        ; Auto               ; Auto               ;
; NOT Gate Push-Back                                                         ; On                 ; On                 ;
; Power-Up Don't Care                                                        ; On                 ; On                 ;
; Remove Redundant Logic Cells                                               ; Off                ; Off                ;
; Remove Duplicate Registers                                                 ; On                 ; On                 ;
; Ignore CARRY Buffers                                                       ; Off                ; Off                ;
; Ignore CASCADE Buffers                                                     ; Off                ; Off                ;
; Ignore GLOBAL Buffers                                                      ; Off                ; Off                ;
; Ignore ROW GLOBAL Buffers                                                  ; Off                ; Off                ;
; Ignore LCELL Buffers                                                       ; Off                ; Off                ;
; Ignore SOFT Buffers                                                        ; On                 ; On                 ;
; Limit AHDL Integers to 32 Bits                                             ; Off                ; Off                ;
; Optimization Technique                                                     ; Balanced           ; Balanced           ;
; Carry Chain Length                                                         ; 70                 ; 70                 ;
; Auto Carry Chains                                                          ; On                 ; On                 ;
; Auto Open-Drain Pins                                                       ; On                 ; On                 ;
; Perform WYSIWYG Primitive Resynthesis                                      ; Off                ; Off                ;
; Auto ROM Replacement                                                       ; On                 ; On                 ;
; Auto RAM Replacement                                                       ; On                 ; On                 ;
; Auto DSP Block Replacement                                                 ; On                 ; On                 ;
; Auto Shift Register Replacement                                            ; Auto               ; Auto               ;
; Allow Shift Register Merging across Hierarchies                            ; Auto               ; Auto               ;
; Auto Clock Enable Replacement                                              ; On                 ; On                 ;
; Strict RAM Replacement                                                     ; Off                ; Off                ;
; Allow Synchronous Control Signals                                          ; On                 ; On                 ;
; Force Use of Synchronous Clear Signals                                     ; Off                ; Off                ;
; Auto RAM Block Balancing                                                   ; On                 ; On                 ;
; Auto RAM to Logic Cell Conversion                                          ; Off                ; Off                ;
; Auto Resource Sharing                                                      ; Off                ; Off                ;
; Allow Any RAM Size For Recognition                                         ; Off                ; Off                ;
; Allow Any ROM Size For Recognition                                         ; Off                ; Off                ;
; Allow Any Shift Register Size For Recognition                              ; Off                ; Off                ;
; Use LogicLock Constraints during Resource Balancing                        ; On                 ; On                 ;
; Ignore translate_off and synthesis_off directives                          ; Off                ; Off                ;
; Timing-Driven Synthesis                                                    ; On                 ; On                 ;
; Report Parameter Settings                                                  ; On                 ; On                 ;
; Report Source Assignments                                                  ; On                 ; On                 ;
; Report Connectivity Checks                                                 ; On                 ; On                 ;
; Ignore Maximum Fan-Out Assignments                                         ; Off                ; Off                ;
; Synchronization Register Chain Length                                      ; 2                  ; 2                  ;
; PowerPlay Power Optimization During Synthesis                              ; Normal compilation ; Normal compilation ;
; HDL message level                                                          ; Level2             ; Level2             ;
; Suppress Register Optimization Related Messages                            ; Off                ; Off                ;
; Number of Removed Registers Reported in Synthesis Report                   ; 5000               ; 5000               ;
; Number of Swept Nodes Reported in Synthesis Report                         ; 5000               ; 5000               ;
; Number of Inverted Registers Reported in Synthesis Report                  ; 100                ; 100                ;
; Clock MUX Protection                                                       ; On                 ; On                 ;
; Auto Gated Clock Conversion                                                ; Off                ; Off                ;
; Block Design Naming                                                        ; Auto               ; Auto               ;
; SDC constraint protection                                                  ; Off                ; Off                ;
; Synthesis Effort                                                           ; Auto               ; Auto               ;
; Shift Register Replacement - Allow Asynchronous Clear Signal               ; On                 ; On                 ;
; Pre-Mapping Resynthesis Optimization                                       ; Off                ; Off                ;
; Analysis & Synthesis Message Level                                         ; Medium             ; Medium             ;
; Disable Register Merging Across Hierarchies                                ; Auto               ; Auto               ;
; Resource Aware Inference For Block RAM                                     ; On                 ; On                 ;
; Synthesis Seed                                                             ; 1                  ; 1                  ;
+----------------------------------------------------------------------------+--------------------+--------------------+


+------------------------------------------+
; Parallel Compilation                     ;
+----------------------------+-------------+
; Processors                 ; Number      ;
+----------------------------+-------------+
; Number detected on machine ; 4           ;
; Maximum allowed            ; 4           ;
;                            ;             ;
; Average used               ; 1.00        ;
; Maximum used               ; 1           ;
;                            ;             ;
; Usage by Processor         ; % Time Used ;
;     Processor 1            ; 100.0%      ;
;     Processors 2-4         ;   0.0%      ;
+----------------------------+-------------+


+--------------------------------------------------------------------------------------------------------------------------------------------------------------------------------------------------------------------------------------------------------------------------------------+
; Analysis & Synthesis Source Files Read                                                                                                                                                                                                                                               ;
+--------------------------------------------------------------------+-----------------+----------------------------------------------+----------------------------------------------------------------------------------------------------------------------------------+-------------+
; File Name with User-Entered Path                                   ; Used in Netlist ; File Type                                    ; File Name with Absolute Path                                                                                                     ; Library     ;
+--------------------------------------------------------------------+-----------------+----------------------------------------------+----------------------------------------------------------------------------------------------------------------------------------+-------------+
; Ramp.v                                                             ; yes             ; User Verilog HDL File                        ; C:/Users/Andrew/Desktop/Quartus Workspace/ExtraCredit/FadeLUT/Ramp.v                                                             ;             ;
; FadeLUT.v                                                          ; yes             ; User Verilog HDL File                        ; C:/Users/Andrew/Desktop/Quartus Workspace/ExtraCredit/FadeLUT/FadeLUT.v                                                          ;             ;
; PWM8.v                                                             ; yes             ; User Verilog HDL File                        ; C:/Users/Andrew/Desktop/Quartus Workspace/ExtraCredit/FadeLUT/PWM8.v                                                             ;             ;
; FadeLUT.mif                                                        ; yes             ; User Memory Initialization File              ; C:/Users/Andrew/Desktop/Quartus Workspace/ExtraCredit/FadeLUT/FadeLUT.mif                                                        ;             ;
; FadeLUTROM.v                                                       ; yes             ; User Wizard-Generated File                   ; C:/Users/Andrew/Desktop/Quartus Workspace/ExtraCredit/FadeLUT/FadeLUTROM.v                                                       ;             ;
; altsyncram.tdf                                                     ; yes             ; Megafunction                                 ; c:/altera/15.0/quartus/libraries/megafunctions/altsyncram.tdf                                                                    ;             ;
; stratix_ram_block.inc                                              ; yes             ; Megafunction                                 ; c:/altera/15.0/quartus/libraries/megafunctions/stratix_ram_block.inc                                                             ;             ;
; lpm_mux.inc                                                        ; yes             ; Megafunction                                 ; c:/altera/15.0/quartus/libraries/megafunctions/lpm_mux.inc                                                                       ;             ;
; lpm_decode.inc                                                     ; yes             ; Megafunction                                 ; c:/altera/15.0/quartus/libraries/megafunctions/lpm_decode.inc                                                                    ;             ;
; aglobal150.inc                                                     ; yes             ; Megafunction                                 ; c:/altera/15.0/quartus/libraries/megafunctions/aglobal150.inc                                                                    ;             ;
; a_rdenreg.inc                                                      ; yes             ; Megafunction                                 ; c:/altera/15.0/quartus/libraries/megafunctions/a_rdenreg.inc                                                                     ;             ;
; altrom.inc                                                         ; yes             ; Megafunction                                 ; c:/altera/15.0/quartus/libraries/megafunctions/altrom.inc                                                                        ;             ;
; altram.inc                                                         ; yes             ; Megafunction                                 ; c:/altera/15.0/quartus/libraries/megafunctions/altram.inc                                                                        ;             ;
; altdpram.inc                                                       ; yes             ; Megafunction                                 ; c:/altera/15.0/quartus/libraries/megafunctions/altdpram.inc                                                                      ;             ;
; db/altsyncram_3vb1.tdf                                             ; yes             ; Auto-Generated Megafunction                  ; C:/Users/Andrew/Desktop/Quartus Workspace/ExtraCredit/FadeLUT/db/altsyncram_3vb1.tdf                                             ;             ;
; db/altsyncram_gfd2.tdf                                             ; yes             ; Auto-Generated Megafunction                  ; C:/Users/Andrew/Desktop/Quartus Workspace/ExtraCredit/FadeLUT/db/altsyncram_gfd2.tdf                                             ;             ;
; sld_mod_ram_rom.vhd                                                ; yes             ; Encrypted Megafunction                       ; c:/altera/15.0/quartus/libraries/megafunctions/sld_mod_ram_rom.vhd                                                               ;             ;
; sld_jtag_endpoint_adapter.vhd                                      ; yes             ; Encrypted Megafunction                       ; c:/altera/15.0/quartus/libraries/megafunctions/sld_jtag_endpoint_adapter.vhd                                                     ;             ;
; sld_jtag_endpoint_adapter_impl.sv                                  ; yes             ; Encrypted Megafunction                       ; c:/altera/15.0/quartus/libraries/megafunctions/sld_jtag_endpoint_adapter_impl.sv                                                 ;             ;
; sld_rom_sr.vhd                                                     ; yes             ; Encrypted Megafunction                       ; c:/altera/15.0/quartus/libraries/megafunctions/sld_rom_sr.vhd                                                                    ;             ;
; sld_hub.vhd                                                        ; yes             ; Encrypted Megafunction                       ; c:/altera/15.0/quartus/libraries/megafunctions/sld_hub.vhd                                                                       ; altera_sld  ;
; db/ip/sld344d8edc/alt_sld_fab.v                                    ; yes             ; Encrypted Auto-Found Verilog HDL File        ; C:/Users/Andrew/Desktop/Quartus Workspace/ExtraCredit/FadeLUT/db/ip/sld344d8edc/alt_sld_fab.v                                    ; alt_sld_fab ;
; db/ip/sld344d8edc/submodules/alt_sld_fab_alt_sld_fab.v             ; yes             ; Encrypted Auto-Found Verilog HDL File        ; C:/Users/Andrew/Desktop/Quartus Workspace/ExtraCredit/FadeLUT/db/ip/sld344d8edc/submodules/alt_sld_fab_alt_sld_fab.v             ; alt_sld_fab ;
; db/ip/sld344d8edc/submodules/alt_sld_fab_alt_sld_fab_ident.sv      ; yes             ; Auto-Found SystemVerilog HDL File            ; C:/Users/Andrew/Desktop/Quartus Workspace/ExtraCredit/FadeLUT/db/ip/sld344d8edc/submodules/alt_sld_fab_alt_sld_fab_ident.sv      ; alt_sld_fab ;
; db/ip/sld344d8edc/submodules/alt_sld_fab_alt_sld_fab_presplit.sv   ; yes             ; Encrypted Auto-Found SystemVerilog HDL File  ; C:/Users/Andrew/Desktop/Quartus Workspace/ExtraCredit/FadeLUT/db/ip/sld344d8edc/submodules/alt_sld_fab_alt_sld_fab_presplit.sv   ; alt_sld_fab ;
; db/ip/sld344d8edc/submodules/alt_sld_fab_alt_sld_fab_sldfabric.vhd ; yes             ; Encrypted Auto-Found VHDL File               ; C:/Users/Andrew/Desktop/Quartus Workspace/ExtraCredit/FadeLUT/db/ip/sld344d8edc/submodules/alt_sld_fab_alt_sld_fab_sldfabric.vhd ; alt_sld_fab ;
; db/ip/sld344d8edc/submodules/alt_sld_fab_alt_sld_fab_splitter.sv   ; yes             ; Encrypted Auto-Found SystemVerilog HDL File  ; C:/Users/Andrew/Desktop/Quartus Workspace/ExtraCredit/FadeLUT/db/ip/sld344d8edc/submodules/alt_sld_fab_alt_sld_fab_splitter.sv   ; alt_sld_fab ;
; sld_jtag_hub.vhd                                                   ; yes             ; Encrypted Megafunction                       ; c:/altera/15.0/quartus/libraries/megafunctions/sld_jtag_hub.vhd                                                                  ;             ;
+--------------------------------------------------------------------+-----------------+----------------------------------------------+----------------------------------------------------------------------------------------------------------------------------------+-------------+


+------------------------------------------------------------------------+
; Analysis & Synthesis Resource Usage Summary                            ;
+---------------------------------------------+--------------------------+
; Resource                                    ; Usage                    ;
+---------------------------------------------+--------------------------+
; Estimated Total logic elements              ; 265                      ;
;                                             ;                          ;
; Total combinational functions               ; 240                      ;
; Logic element usage by number of LUT inputs ;                          ;
;     -- 4 input functions                    ; 93                       ;
;     -- 3 input functions                    ; 72                       ;
;     -- <=2 input functions                  ; 75                       ;
;                                             ;                          ;
; Logic elements by mode                      ;                          ;
;     -- normal mode                          ; 175                      ;
;     -- arithmetic mode                      ; 65                       ;
;                                             ;                          ;
; Total registers                             ; 156                      ;
;     -- Dedicated logic registers            ; 156                      ;
;     -- I/O registers                        ; 0                        ;
;                                             ;                          ;
; I/O pins                                    ; 36                       ;
; Total memory bits                           ; 2048                     ;
;                                             ;                          ;
; Embedded Multiplier 9-bit elements          ; 0                        ;
;                                             ;                          ;
; Maximum fan-out node                        ; altera_internal_jtag~TDO ;
; Maximum fan-out                             ; 146                      ;
; Total fan-out                               ; 1434                     ;
; Average fan-out                             ; 2.96                     ;
+---------------------------------------------+--------------------------+


+---------------------------------------------------------------------------------------------------------------------------------------------------------------------------------------------------------------------------------------------------------------------------------------------------------------------------------------------------------------------------------------------------------------------------------------------------------------------------------------------------------------+
; Analysis & Synthesis Resource Utilization by Entity                                                                                                                                                                                                                                                                                                                                                                                                                                                           ;
+-----------------------------------------------------------------------------------------------------+-------------------+--------------+-------------+--------------+---------+-----------+------+--------------+------------------------------------------------------------------------------------------------------------------------------------------------------------------------------------------------------------------------------------------------------------------------------+--------------+
; Compilation Hierarchy Node                                                                          ; LC Combinationals ; LC Registers ; Memory Bits ; DSP Elements ; DSP 9x9 ; DSP 18x18 ; Pins ; Virtual Pins ; Full Hierarchy Name                                                                                                                                                                                                                                                          ; Library Name ;
+-----------------------------------------------------------------------------------------------------+-------------------+--------------+-------------+--------------+---------+-----------+------+--------------+------------------------------------------------------------------------------------------------------------------------------------------------------------------------------------------------------------------------------------------------------------------------------+--------------+
; |FadeLUT                                                                                            ; 240 (1)           ; 156 (0)      ; 2048        ; 0            ; 0       ; 0         ; 36   ; 0            ; |FadeLUT                                                                                                                                                                                                                                                                     ; work         ;
;    |FadeLUTROM:FadeLUTROM_inst|                                                                     ; 56 (0)            ; 34 (0)       ; 2048        ; 0            ; 0       ; 0         ; 0    ; 0            ; |FadeLUT|FadeLUTROM:FadeLUTROM_inst                                                                                                                                                                                                                                          ; work         ;
;       |altsyncram:altsyncram_component|                                                             ; 56 (0)            ; 34 (0)       ; 2048        ; 0            ; 0       ; 0         ; 0    ; 0            ; |FadeLUT|FadeLUTROM:FadeLUTROM_inst|altsyncram:altsyncram_component                                                                                                                                                                                                          ; work         ;
;          |altsyncram_3vb1:auto_generated|                                                           ; 56 (0)            ; 34 (0)       ; 2048        ; 0            ; 0       ; 0         ; 0    ; 0            ; |FadeLUT|FadeLUTROM:FadeLUTROM_inst|altsyncram:altsyncram_component|altsyncram_3vb1:auto_generated                                                                                                                                                                           ; work         ;
;             |altsyncram_gfd2:altsyncram1|                                                           ; 0 (0)             ; 0 (0)        ; 2048        ; 0            ; 0       ; 0         ; 0    ; 0            ; |FadeLUT|FadeLUTROM:FadeLUTROM_inst|altsyncram:altsyncram_component|altsyncram_3vb1:auto_generated|altsyncram_gfd2:altsyncram1                                                                                                                                               ; work         ;
;             |sld_mod_ram_rom:mgl_prim2|                                                             ; 56 (34)           ; 34 (25)      ; 0           ; 0            ; 0       ; 0         ; 0    ; 0            ; |FadeLUT|FadeLUTROM:FadeLUTROM_inst|altsyncram:altsyncram_component|altsyncram_3vb1:auto_generated|sld_mod_ram_rom:mgl_prim2                                                                                                                                                 ; work         ;
;                |sld_rom_sr:\ram_rom_logic_gen:name_gen:info_rom_sr|                                 ; 22 (22)           ; 9 (9)        ; 0           ; 0            ; 0       ; 0         ; 0    ; 0            ; |FadeLUT|FadeLUTROM:FadeLUTROM_inst|altsyncram:altsyncram_component|altsyncram_3vb1:auto_generated|sld_mod_ram_rom:mgl_prim2|sld_rom_sr:\ram_rom_logic_gen:name_gen:info_rom_sr                                                                                              ; work         ;
;    |PWM8:PWM|                                                                                       ; 16 (16)           ; 9 (9)        ; 0           ; 0            ; 0       ; 0         ; 0    ; 0            ; |FadeLUT|PWM8:PWM                                                                                                                                                                                                                                                            ; work         ;
;    |Ramp:R0|                                                                                        ; 53 (53)           ; 33 (33)      ; 0           ; 0            ; 0       ; 0         ; 0    ; 0            ; |FadeLUT|Ramp:R0                                                                                                                                                                                                                                                             ; work         ;
;    |sld_hub:auto_hub|                                                                               ; 114 (1)           ; 80 (0)       ; 0           ; 0            ; 0       ; 0         ; 0    ; 0            ; |FadeLUT|sld_hub:auto_hub                                                                                                                                                                                                                                                    ; altera_sld   ;
;       |alt_sld_fab:\instrumentation_fabric_with_node_gen:fabric_gen_new_way:instrumentation_fabric| ; 113 (0)           ; 80 (0)       ; 0           ; 0            ; 0       ; 0         ; 0    ; 0            ; |FadeLUT|sld_hub:auto_hub|alt_sld_fab:\instrumentation_fabric_with_node_gen:fabric_gen_new_way:instrumentation_fabric                                                                                                                                                        ; alt_sld_fab  ;
;          |alt_sld_fab_alt_sld_fab:alt_sld_fab|                                                      ; 113 (1)           ; 80 (5)       ; 0           ; 0            ; 0       ; 0         ; 0    ; 0            ; |FadeLUT|sld_hub:auto_hub|alt_sld_fab:\instrumentation_fabric_with_node_gen:fabric_gen_new_way:instrumentation_fabric|alt_sld_fab_alt_sld_fab:alt_sld_fab                                                                                                                    ; alt_sld_fab  ;
;             |alt_sld_fab_alt_sld_fab_sldfabric:sldfabric|                                           ; 112 (0)           ; 75 (0)       ; 0           ; 0            ; 0       ; 0         ; 0    ; 0            ; |FadeLUT|sld_hub:auto_hub|alt_sld_fab:\instrumentation_fabric_with_node_gen:fabric_gen_new_way:instrumentation_fabric|alt_sld_fab_alt_sld_fab:alt_sld_fab|alt_sld_fab_alt_sld_fab_sldfabric:sldfabric                                                                        ; alt_sld_fab  ;
;                |sld_jtag_hub:\jtag_hub_gen:real_sld_jtag_hub|                                       ; 112 (74)          ; 75 (47)      ; 0           ; 0            ; 0       ; 0         ; 0    ; 0            ; |FadeLUT|sld_hub:auto_hub|alt_sld_fab:\instrumentation_fabric_with_node_gen:fabric_gen_new_way:instrumentation_fabric|alt_sld_fab_alt_sld_fab:alt_sld_fab|alt_sld_fab_alt_sld_fab_sldfabric:sldfabric|sld_jtag_hub:\jtag_hub_gen:real_sld_jtag_hub                           ; work         ;
;                   |sld_rom_sr:hub_info_reg|                                                         ; 20 (20)           ; 9 (9)        ; 0           ; 0            ; 0       ; 0         ; 0    ; 0            ; |FadeLUT|sld_hub:auto_hub|alt_sld_fab:\instrumentation_fabric_with_node_gen:fabric_gen_new_way:instrumentation_fabric|alt_sld_fab_alt_sld_fab:alt_sld_fab|alt_sld_fab_alt_sld_fab_sldfabric:sldfabric|sld_jtag_hub:\jtag_hub_gen:real_sld_jtag_hub|sld_rom_sr:hub_info_reg   ; work         ;
;                   |sld_shadow_jsm:shadow_jsm|                                                       ; 18 (18)           ; 19 (19)      ; 0           ; 0            ; 0       ; 0         ; 0    ; 0            ; |FadeLUT|sld_hub:auto_hub|alt_sld_fab:\instrumentation_fabric_with_node_gen:fabric_gen_new_way:instrumentation_fabric|alt_sld_fab_alt_sld_fab:alt_sld_fab|alt_sld_fab_alt_sld_fab_sldfabric:sldfabric|sld_jtag_hub:\jtag_hub_gen:real_sld_jtag_hub|sld_shadow_jsm:shadow_jsm ; altera_sld   ;
+-----------------------------------------------------------------------------------------------------+-------------------+--------------+-------------+--------------+---------+-----------+------+--------------+------------------------------------------------------------------------------------------------------------------------------------------------------------------------------------------------------------------------------------------------------------------------------+--------------+
Note: For table entries with two numbers listed, the numbers in parentheses indicate the number of resources of the given type used by the specific entity alone. The numbers listed outside of parentheses indicate the total resources of the given type used by the specific entity and all of its sub-entities in the hierarchy.


+-------------------------------------------------------------------------------------------------------------------------------------------------------------------------------------------------------------------------------------------+
; Analysis & Synthesis RAM Summary                                                                                                                                                                                                          ;
+----------------------------------------------------------------------------------------------------------------------------------+------+----------------+--------------+--------------+--------------+--------------+------+-------------+
; Name                                                                                                                             ; Type ; Mode           ; Port A Depth ; Port A Width ; Port B Depth ; Port B Width ; Size ; MIF         ;
+----------------------------------------------------------------------------------------------------------------------------------+------+----------------+--------------+--------------+--------------+--------------+------+-------------+
; FadeLUTROM:FadeLUTROM_inst|altsyncram:altsyncram_component|altsyncram_3vb1:auto_generated|altsyncram_gfd2:altsyncram1|ALTSYNCRAM ; AUTO ; True Dual Port ; 256          ; 8            ; 256          ; 8            ; 2048 ; FadeLUT.mif ;
+----------------------------------------------------------------------------------------------------------------------------------+------+----------------+--------------+--------------+--------------+--------------+------+-------------+


+-----------------------------------------------------------------------------------------------------------------------------------------------------------------------------------------------------------------------------------------------------------------------------------------+
; Analysis & Synthesis IP Cores Summary                                                                                                                                                                                                                                                   ;
+--------+--------------+---------+--------------+--------------+-------------------------------------------------------------------------------------------------------------------------------------------------------------------------------------------------------+-----------------+
; Vendor ; IP Core Name ; Version ; Release Date ; License Type ; Entity Instance                                                                                                                                                                                       ; IP Include File ;
+--------+--------------+---------+--------------+--------------+-------------------------------------------------------------------------------------------------------------------------------------------------------------------------------------------------------+-----------------+
; Altera ; ROM: 1-PORT  ; 15.0    ; N/A          ; N/A          ; |FadeLUT|FadeLUTROM:FadeLUTROM_inst                                                                                                                                                                   ; FadeLUTROM.v    ;
; Altera ; Signal Tap   ; N/A     ; N/A          ; Licensed     ; |FadeLUT|sld_hub:auto_hub|alt_sld_fab:\instrumentation_fabric_with_node_gen:fabric_gen_new_way:instrumentation_fabric                                                                                 ;                 ;
; Altera ; Signal Tap   ; N/A     ; N/A          ; Licensed     ; |FadeLUT|sld_hub:auto_hub|alt_sld_fab:\instrumentation_fabric_with_node_gen:fabric_gen_new_way:instrumentation_fabric|alt_sld_fab_alt_sld_fab:alt_sld_fab                                             ;                 ;
; Altera ; Signal Tap   ; N/A     ; N/A          ; Licensed     ; |FadeLUT|sld_hub:auto_hub|alt_sld_fab:\instrumentation_fabric_with_node_gen:fabric_gen_new_way:instrumentation_fabric|alt_sld_fab_alt_sld_fab:alt_sld_fab|alt_sld_fab_alt_sld_fab_presplit:presplit   ;                 ;
; Altera ; Signal Tap   ; N/A     ; N/A          ; Licensed     ; |FadeLUT|sld_hub:auto_hub|alt_sld_fab:\instrumentation_fabric_with_node_gen:fabric_gen_new_way:instrumentation_fabric|alt_sld_fab_alt_sld_fab:alt_sld_fab|alt_sld_fab_alt_sld_fab_sldfabric:sldfabric ;                 ;
; Altera ; Signal Tap   ; N/A     ; N/A          ; Licensed     ; |FadeLUT|sld_hub:auto_hub|alt_sld_fab:\instrumentation_fabric_with_node_gen:fabric_gen_new_way:instrumentation_fabric|alt_sld_fab_alt_sld_fab:alt_sld_fab|alt_sld_fab_alt_sld_fab_splitter:splitter   ;                 ;
+--------+--------------+---------+--------------+--------------+-------------------------------------------------------------------------------------------------------------------------------------------------------------------------------------------------------+-----------------+


+---------------------------------------------------------------------------------------------------------------------------------------------------------------------------------------------+
; Registers Removed During Synthesis                                                                                                                                                          ;
+----------------------------------------------------------------------------------------------------------------------------------------------------+----------------------------------------+
; Register name                                                                                                                                      ; Reason for Removal                     ;
+----------------------------------------------------------------------------------------------------------------------------------------------------+----------------------------------------+
; FadeLUTROM:FadeLUTROM_inst|altsyncram:altsyncram_component|altsyncram_3vb1:auto_generated|sld_mod_ram_rom:mgl_prim2|ram_rom_data_shift_cntr_reg[3] ; Stuck at GND due to stuck port data_in ;
; Total Number of Removed Registers = 1                                                                                                              ;                                        ;
+----------------------------------------------------------------------------------------------------------------------------------------------------+----------------------------------------+


+------------------------------------------------------+
; General Register Statistics                          ;
+----------------------------------------------+-------+
; Statistic                                    ; Value ;
+----------------------------------------------+-------+
; Total registers                              ; 156   ;
; Number of registers using Synchronous Clear  ; 17    ;
; Number of registers using Synchronous Load   ; 19    ;
; Number of registers using Asynchronous Clear ; 45    ;
; Number of registers using Asynchronous Load  ; 0     ;
; Number of registers using Clock Enable       ; 83    ;
; Number of registers using Preset             ; 0     ;
+----------------------------------------------+-------+


+--------------------------------------------------------------------------------------------------------------------------------------------------------------------------------------------------------------------------------------------------------------------+
; Inverted Register Statistics                                                                                                                                                                                                                                       ;
+----------------------------------------------------------------------------------------------------------------------------------------------------------------------------------------------------------------------------------------------------------+---------+
; Inverted Register                                                                                                                                                                                                                                        ; Fan out ;
+----------------------------------------------------------------------------------------------------------------------------------------------------------------------------------------------------------------------------------------------------------+---------+
; sld_hub:auto_hub|alt_sld_fab:\instrumentation_fabric_with_node_gen:fabric_gen_new_way:instrumentation_fabric|alt_sld_fab_alt_sld_fab:alt_sld_fab|alt_sld_fab_alt_sld_fab_sldfabric:sldfabric|sld_jtag_hub:\jtag_hub_gen:real_sld_jtag_hub|tdo            ; 1       ;
; sld_hub:auto_hub|alt_sld_fab:\instrumentation_fabric_with_node_gen:fabric_gen_new_way:instrumentation_fabric|alt_sld_fab_alt_sld_fab:alt_sld_fab|alt_sld_fab_alt_sld_fab_sldfabric:sldfabric|sld_jtag_hub:\jtag_hub_gen:real_sld_jtag_hub|jtag_ir_reg[2] ; 2       ;
; sld_hub:auto_hub|alt_sld_fab:\instrumentation_fabric_with_node_gen:fabric_gen_new_way:instrumentation_fabric|alt_sld_fab_alt_sld_fab:alt_sld_fab|alt_sld_fab_alt_sld_fab_sldfabric:sldfabric|sld_jtag_hub:\jtag_hub_gen:real_sld_jtag_hub|jtag_ir_reg[1] ; 3       ;
; Total number of inverted registers = 3                                                                                                                                                                                                                   ;         ;
+----------------------------------------------------------------------------------------------------------------------------------------------------------------------------------------------------------------------------------------------------------+---------+


+---------------------------------------------------------------------------------------------------------------------------------------------------------------------------------------------------------------------------------------------------------------------------------------------------------------+
; Multiplexer Restructuring Statistics (Restructuring Performed)                                                                                                                                                                                                                                                ;
+--------------------+-----------+---------------+----------------------+------------------------+------------+-------------------------------------------------------------------------------------------------------------------------------------------------------------------------------------------------+
; Multiplexer Inputs ; Bus Width ; Baseline Area ; Area if Restructured ; Saving if Restructured ; Registered ; Example Multiplexer Output                                                                                                                                                                      ;
+--------------------+-----------+---------------+----------------------+------------------------+------------+-------------------------------------------------------------------------------------------------------------------------------------------------------------------------------------------------+
; 3:1                ; 4 bits    ; 8 LEs         ; 4 LEs                ; 4 LEs                  ; Yes        ; |FadeLUT|FadeLUTROM:FadeLUTROM_inst|altsyncram:altsyncram_component|altsyncram_3vb1:auto_generated|sld_mod_ram_rom:mgl_prim2|ram_rom_data_shift_cntr_reg[3]                                     ;
; 3:1                ; 8 bits    ; 16 LEs        ; 8 LEs                ; 8 LEs                  ; Yes        ; |FadeLUT|FadeLUTROM:FadeLUTROM_inst|altsyncram:altsyncram_component|altsyncram_3vb1:auto_generated|sld_mod_ram_rom:mgl_prim2|ram_rom_data_reg[0]                                                ;
; 3:1                ; 8 bits    ; 16 LEs        ; 8 LEs                ; 8 LEs                  ; Yes        ; |FadeLUT|FadeLUTROM:FadeLUTROM_inst|altsyncram:altsyncram_component|altsyncram_3vb1:auto_generated|sld_mod_ram_rom:mgl_prim2|ram_rom_addr_reg[1]                                                ;
; 5:1                ; 5 bits    ; 15 LEs        ; 5 LEs                ; 10 LEs                 ; Yes        ; |FadeLUT|FadeLUTROM:FadeLUTROM_inst|altsyncram:altsyncram_component|altsyncram_3vb1:auto_generated|sld_mod_ram_rom:mgl_prim2|sld_rom_sr:\ram_rom_logic_gen:name_gen:info_rom_sr|word_counter[1] ;
; 24:1               ; 4 bits    ; 64 LEs        ; 48 LEs               ; 16 LEs                 ; Yes        ; |FadeLUT|FadeLUTROM:FadeLUTROM_inst|altsyncram:altsyncram_component|altsyncram_3vb1:auto_generated|sld_mod_ram_rom:mgl_prim2|sld_rom_sr:\ram_rom_logic_gen:name_gen:info_rom_sr|WORD_SR[1]      ;
+--------------------+-----------+---------------+----------------------+------------------------+------------+-------------------------------------------------------------------------------------------------------------------------------------------------------------------------------------------------+


+----------------------------------------------------------------------------------------------------------------------------------------------+
; Source assignments for FadeLUTROM:FadeLUTROM_inst|altsyncram:altsyncram_component|altsyncram_3vb1:auto_generated|altsyncram_gfd2:altsyncram1 ;
+---------------------------------+--------------------+------+--------------------------------------------------------------------------------+
; Assignment                      ; Value              ; From ; To                                                                             ;
+---------------------------------+--------------------+------+--------------------------------------------------------------------------------+
; OPTIMIZE_POWER_DURING_SYNTHESIS ; NORMAL_COMPILATION ; -    ; -                                                                              ;
+---------------------------------+--------------------+------+--------------------------------------------------------------------------------+


+---------------------------------------------------------------------------------------------------------+
; Parameter Settings for User Entity Instance: FadeLUTROM:FadeLUTROM_inst|altsyncram:altsyncram_component ;
+------------------------------------+----------------------+---------------------------------------------+
; Parameter Name                     ; Value                ; Type                                        ;
+------------------------------------+----------------------+---------------------------------------------+
; BYTE_SIZE_BLOCK                    ; 8                    ; Untyped                                     ;
; AUTO_CARRY_CHAINS                  ; ON                   ; AUTO_CARRY                                  ;
; IGNORE_CARRY_BUFFERS               ; OFF                  ; IGNORE_CARRY                                ;
; AUTO_CASCADE_CHAINS                ; ON                   ; AUTO_CASCADE                                ;
; IGNORE_CASCADE_BUFFERS             ; OFF                  ; IGNORE_CASCADE                              ;
; WIDTH_BYTEENA                      ; 1                    ; Untyped                                     ;
; OPERATION_MODE                     ; ROM                  ; Untyped                                     ;
; WIDTH_A                            ; 8                    ; Signed Integer                              ;
; WIDTHAD_A                          ; 8                    ; Signed Integer                              ;
; NUMWORDS_A                         ; 256                  ; Signed Integer                              ;
; OUTDATA_REG_A                      ; UNREGISTERED         ; Untyped                                     ;
; ADDRESS_ACLR_A                     ; NONE                 ; Untyped                                     ;
; OUTDATA_ACLR_A                     ; NONE                 ; Untyped                                     ;
; WRCONTROL_ACLR_A                   ; NONE                 ; Untyped                                     ;
; INDATA_ACLR_A                      ; NONE                 ; Untyped                                     ;
; BYTEENA_ACLR_A                     ; NONE                 ; Untyped                                     ;
; WIDTH_B                            ; 1                    ; Untyped                                     ;
; WIDTHAD_B                          ; 1                    ; Untyped                                     ;
; NUMWORDS_B                         ; 1                    ; Untyped                                     ;
; INDATA_REG_B                       ; CLOCK1               ; Untyped                                     ;
; WRCONTROL_WRADDRESS_REG_B          ; CLOCK1               ; Untyped                                     ;
; RDCONTROL_REG_B                    ; CLOCK1               ; Untyped                                     ;
; ADDRESS_REG_B                      ; CLOCK1               ; Untyped                                     ;
; OUTDATA_REG_B                      ; UNREGISTERED         ; Untyped                                     ;
; BYTEENA_REG_B                      ; CLOCK1               ; Untyped                                     ;
; INDATA_ACLR_B                      ; NONE                 ; Untyped                                     ;
; WRCONTROL_ACLR_B                   ; NONE                 ; Untyped                                     ;
; ADDRESS_ACLR_B                     ; NONE                 ; Untyped                                     ;
; OUTDATA_ACLR_B                     ; NONE                 ; Untyped                                     ;
; RDCONTROL_ACLR_B                   ; NONE                 ; Untyped                                     ;
; BYTEENA_ACLR_B                     ; NONE                 ; Untyped                                     ;
; WIDTH_BYTEENA_A                    ; 1                    ; Signed Integer                              ;
; WIDTH_BYTEENA_B                    ; 1                    ; Untyped                                     ;
; RAM_BLOCK_TYPE                     ; AUTO                 ; Untyped                                     ;
; BYTE_SIZE                          ; 8                    ; Untyped                                     ;
; READ_DURING_WRITE_MODE_MIXED_PORTS ; DONT_CARE            ; Untyped                                     ;
; READ_DURING_WRITE_MODE_PORT_A      ; NEW_DATA_NO_NBE_READ ; Untyped                                     ;
; READ_DURING_WRITE_MODE_PORT_B      ; NEW_DATA_NO_NBE_READ ; Untyped                                     ;
; INIT_FILE                          ; FadeLUT.mif          ; Untyped                                     ;
; INIT_FILE_LAYOUT                   ; PORT_A               ; Untyped                                     ;
; MAXIMUM_DEPTH                      ; 0                    ; Untyped                                     ;
; CLOCK_ENABLE_INPUT_A               ; BYPASS               ; Untyped                                     ;
; CLOCK_ENABLE_INPUT_B               ; NORMAL               ; Untyped                                     ;
; CLOCK_ENABLE_OUTPUT_A              ; BYPASS               ; Untyped                                     ;
; CLOCK_ENABLE_OUTPUT_B              ; NORMAL               ; Untyped                                     ;
; CLOCK_ENABLE_CORE_A                ; USE_INPUT_CLKEN      ; Untyped                                     ;
; CLOCK_ENABLE_CORE_B                ; USE_INPUT_CLKEN      ; Untyped                                     ;
; ENABLE_ECC                         ; FALSE                ; Untyped                                     ;
; ECC_PIPELINE_STAGE_ENABLED         ; FALSE                ; Untyped                                     ;
; WIDTH_ECCSTATUS                    ; 3                    ; Untyped                                     ;
; DEVICE_FAMILY                      ; Cyclone IV E         ; Untyped                                     ;
; CBXI_PARAMETER                     ; altsyncram_3vb1      ; Untyped                                     ;
+------------------------------------+----------------------+---------------------------------------------+
Note: In order to hide this table in the UI and the text report file, please set the "Show Parameter Settings in Synthesis Report" option in "Analysis and Synthesis Settings -> More Settings" to "Off".


+--------------------------------------------------------------------------------------------------------+
; altsyncram Parameter Settings by Entity Instance                                                       ;
+-------------------------------------------+------------------------------------------------------------+
; Name                                      ; Value                                                      ;
+-------------------------------------------+------------------------------------------------------------+
; Number of entity instances                ; 1                                                          ;
; Entity Instance                           ; FadeLUTROM:FadeLUTROM_inst|altsyncram:altsyncram_component ;
;     -- OPERATION_MODE                     ; ROM                                                        ;
;     -- WIDTH_A                            ; 8                                                          ;
;     -- NUMWORDS_A                         ; 256                                                        ;
;     -- OUTDATA_REG_A                      ; UNREGISTERED                                               ;
;     -- WIDTH_B                            ; 1                                                          ;
;     -- NUMWORDS_B                         ; 1                                                          ;
;     -- ADDRESS_REG_B                      ; CLOCK1                                                     ;
;     -- OUTDATA_REG_B                      ; UNREGISTERED                                               ;
;     -- RAM_BLOCK_TYPE                     ; AUTO                                                       ;
;     -- READ_DURING_WRITE_MODE_MIXED_PORTS ; DONT_CARE                                                  ;
+-------------------------------------------+------------------------------------------------------------+


+----------------------------------------------------------------------------------------------------------------+
; Port Connectivity Checks: "PWM8:PWM"                                                                           ;
+------+--------+----------+-------------------------------------------------------------------------------------+
; Port ; Type   ; Severity ; Details                                                                             ;
+------+--------+----------+-------------------------------------------------------------------------------------+
; Q    ; Output ; Info     ; Connected to dangling logic. Logic that only feeds a dangling port will be removed. ;
+------+--------+----------+-------------------------------------------------------------------------------------+


+-------------------------------------------------------------------------------------------------------------------------------------------------------+
; In-System Memory Content Editor Settings                                                                                                              ;
+----------------+-------------+-------+-------+------------+-------------------------------------------------------------------------------------------+
; Instance Index ; Instance ID ; Width ; Depth ; Mode       ; Hierarchy Location                                                                        ;
+----------------+-------------+-------+-------+------------+-------------------------------------------------------------------------------------------+
; 0              ; MEM         ; 8     ; 256   ; Read/Write ; FadeLUTROM:FadeLUTROM_inst|altsyncram:altsyncram_component|altsyncram_3vb1:auto_generated ;
+----------------+-------------+-------+-------+------------+-------------------------------------------------------------------------------------------+


+-----------------------------------------------------+
; Post-Synthesis Netlist Statistics for Top Partition ;
+-----------------------+-----------------------------+
; Type                  ; Count                       ;
+-----------------------+-----------------------------+
; boundary_port         ; 57                          ;
; cycloneiii_ff         ; 76                          ;
;     CLR               ; 5                           ;
;     ENA               ; 12                          ;
;     ENA CLR           ; 4                           ;
;     ENA CLR SLD       ; 8                           ;
;     ENA SCLR          ; 5                           ;
;     plain             ; 42                          ;
; cycloneiii_lcell_comb ; 126                         ;
;     arith             ; 57                          ;
;         2 data inputs ; 19                          ;
;         3 data inputs ; 38                          ;
;     normal            ; 69                          ;
;         1 data inputs ; 4                           ;
;         2 data inputs ; 13                          ;
;         3 data inputs ; 8                           ;
;         4 data inputs ; 44                          ;
; cycloneiii_ram_block  ; 8                           ;
;                       ;                             ;
; Max LUT depth         ; 5.10                        ;
; Average LUT depth     ; 2.70                        ;
+-----------------------+-----------------------------+


+-------------------------------+
; Elapsed Time Per Partition    ;
+----------------+--------------+
; Partition Name ; Elapsed Time ;
+----------------+--------------+
; Top            ; 00:00:01     ;
+----------------+--------------+


+-------------------------------+
; Analysis & Synthesis Messages ;
+-------------------------------+
Info: *******************************************************************
Info: Running Quartus II 64-Bit Analysis & Synthesis
    Info: Version 15.0.0 Build 145 04/22/2015 SJ Web Edition
    Info: Processing started: Wed Jun 01 02:03:29 2016
Info: Command: quartus_map --read_settings_files=on --write_settings_files=off FadeLUT -c FadeLUT
Info (20030): Parallel compilation is enabled and will use 4 of the 4 processors detected
Info (12021): Found 1 design units, including 1 entities, in source file ramp.v
    Info (12023): Found entity 1: Ramp
Info (12021): Found 1 design units, including 1 entities, in source file fadelut.v
    Info (12023): Found entity 1: FadeLUT
Info (12021): Found 1 design units, including 1 entities, in source file pwm8.v
    Info (12023): Found entity 1: PWM8
Info (12021): Found 1 design units, including 1 entities, in source file fadelutrom.v
    Info (12023): Found entity 1: FadeLUTROM
Info (12127): Elaborating entity "FadeLUT" for the top level hierarchy
Info (12128): Elaborating entity "Ramp" for hierarchy "Ramp:R0"
Info (12128): Elaborating entity "FadeLUTROM" for hierarchy "FadeLUTROM:FadeLUTROM_inst"
Info (12128): Elaborating entity "altsyncram" for hierarchy "FadeLUTROM:FadeLUTROM_inst|altsyncram:altsyncram_component"
Info (12130): Elaborated megafunction instantiation "FadeLUTROM:FadeLUTROM_inst|altsyncram:altsyncram_component"
Info (12133): Instantiated megafunction "FadeLUTROM:FadeLUTROM_inst|altsyncram:altsyncram_component" with the following parameter:
    Info (12134): Parameter "address_aclr_a" = "NONE"
    Info (12134): Parameter "clock_enable_input_a" = "BYPASS"
    Info (12134): Parameter "clock_enable_output_a" = "BYPASS"
    Info (12134): Parameter "init_file" = "FadeLUT.mif"
    Info (12134): Parameter "intended_device_family" = "Cyclone IV E"
    Info (12134): Parameter "lpm_hint" = "ENABLE_RUNTIME_MOD=YES,INSTANCE_NAME=MEM"
    Info (12134): Parameter "lpm_type" = "altsyncram"
    Info (12134): Parameter "numwords_a" = "256"
    Info (12134): Parameter "operation_mode" = "ROM"
    Info (12134): Parameter "outdata_aclr_a" = "NONE"
    Info (12134): Parameter "outdata_reg_a" = "UNREGISTERED"
    Info (12134): Parameter "widthad_a" = "8"
    Info (12134): Parameter "width_a" = "8"
    Info (12134): Parameter "width_byteena_a" = "1"
Info (12021): Found 1 design units, including 1 entities, in source file db/altsyncram_3vb1.tdf
    Info (12023): Found entity 1: altsyncram_3vb1
Info (12128): Elaborating entity "altsyncram_3vb1" for hierarchy "FadeLUTROM:FadeLUTROM_inst|altsyncram:altsyncram_component|altsyncram_3vb1:auto_generated"
Info (12021): Found 1 design units, including 1 entities, in source file db/altsyncram_gfd2.tdf
    Info (12023): Found entity 1: altsyncram_gfd2
Info (12128): Elaborating entity "altsyncram_gfd2" for hierarchy "FadeLUTROM:FadeLUTROM_inst|altsyncram:altsyncram_component|altsyncram_3vb1:auto_generated|altsyncram_gfd2:altsyncram1"
Info (12128): Elaborating entity "sld_mod_ram_rom" for hierarchy "FadeLUTROM:FadeLUTROM_inst|altsyncram:altsyncram_component|altsyncram_3vb1:auto_generated|sld_mod_ram_rom:mgl_prim2"
Info (12130): Elaborated megafunction instantiation "FadeLUTROM:FadeLUTROM_inst|altsyncram:altsyncram_component|altsyncram_3vb1:auto_generated|sld_mod_ram_rom:mgl_prim2"
Info (12133): Instantiated megafunction "FadeLUTROM:FadeLUTROM_inst|altsyncram:altsyncram_component|altsyncram_3vb1:auto_generated|sld_mod_ram_rom:mgl_prim2" with the following parameter:
    Info (12134): Parameter "CVALUE" = "00000000"
    Info (12134): Parameter "IS_DATA_IN_RAM" = "1"
    Info (12134): Parameter "IS_READABLE" = "1"
    Info (12134): Parameter "NODE_NAME" = "1296387328"
    Info (12134): Parameter "NUMWORDS" = "256"
    Info (12134): Parameter "SHIFT_COUNT_BITS" = "4"
    Info (12134): Parameter "WIDTH_WORD" = "8"
    Info (12134): Parameter "WIDTHAD" = "8"
Info (12128): Elaborating entity "sld_jtag_endpoint_adapter" for hierarchy "FadeLUTROM:FadeLUTROM_inst|altsyncram:altsyncram_component|altsyncram_3vb1:auto_generated|sld_mod_ram_rom:mgl_prim2|sld_jtag_endpoint_adapter:jtag_signal_adapter"
Info (12128): Elaborating entity "sld_jtag_endpoint_adapter_impl" for hierarchy "FadeLUTROM:FadeLUTROM_inst|altsyncram:altsyncram_component|altsyncram_3vb1:auto_generated|sld_mod_ram_rom:mgl_prim2|sld_jtag_endpoint_adapter:jtag_signal_adapter|sld_jtag_endpoint_adapter_impl:sld_jtag_endpoint_adapter_impl_inst"
Info (12128): Elaborating entity "sld_rom_sr" for hierarchy "FadeLUTROM:FadeLUTROM_inst|altsyncram:altsyncram_component|altsyncram_3vb1:auto_generated|sld_mod_ram_rom:mgl_prim2|sld_rom_sr:\ram_rom_logic_gen:name_gen:info_rom_sr"
Info (12128): Elaborating entity "PWM8" for hierarchy "PWM8:PWM"
Info (11170): Start IP generation for the debug fabric within sld_hub.
Info (11172): 2016.06.01.02:03:51 Progress: Loading sld344d8edc/alt_sld_fab_wrapper_hw.tcl
Info (11172): Alt_sld_fab.alt_sld_fab: SLD fabric agents which did not specify prefer_host were connected to JTAG
Info (11172): Alt_sld_fab: Generating alt_sld_fab "alt_sld_fab" for QUARTUS_SYNTH
Info (11172): Alt_sld_fab: "alt_sld_fab" instantiated alt_sld_fab "alt_sld_fab"
Info (11172): Presplit: "alt_sld_fab" instantiated altera_super_splitter "presplit"
Info (11172): Splitter: "alt_sld_fab" instantiated altera_sld_splitter "splitter"
Info (11172): Sldfabric: "alt_sld_fab" instantiated altera_sld_jtag_hub "sldfabric"
Info (11172): Ident: "alt_sld_fab" instantiated altera_connection_identification_hub "ident"
Info (11172): Alt_sld_fab: Done "alt_sld_fab" with 6 modules, 6 files
Info (11171): Finished IP generation for the debug fabric within sld_hub.
Info (12021): Found 1 design units, including 1 entities, in source file db/ip/sld344d8edc/alt_sld_fab.v
    Info (12023): Found entity 1: alt_sld_fab
Info (12021): Found 1 design units, including 1 entities, in source file db/ip/sld344d8edc/submodules/alt_sld_fab_alt_sld_fab.v
    Info (12023): Found entity 1: alt_sld_fab_alt_sld_fab
Info (12021): Found 1 design units, including 1 entities, in source file db/ip/sld344d8edc/submodules/alt_sld_fab_alt_sld_fab_ident.sv
    Info (12023): Found entity 1: alt_sld_fab_alt_sld_fab_ident
Info (12021): Found 1 design units, including 1 entities, in source file db/ip/sld344d8edc/submodules/alt_sld_fab_alt_sld_fab_presplit.sv
    Info (12023): Found entity 1: alt_sld_fab_alt_sld_fab_presplit
Info (12021): Found 2 design units, including 1 entities, in source file db/ip/sld344d8edc/submodules/alt_sld_fab_alt_sld_fab_sldfabric.vhd
    Info (12022): Found design unit 1: alt_sld_fab_alt_sld_fab_sldfabric-rtl
    Info (12023): Found entity 1: alt_sld_fab_alt_sld_fab_sldfabric
Info (12021): Found 1 design units, including 1 entities, in source file db/ip/sld344d8edc/submodules/alt_sld_fab_alt_sld_fab_splitter.sv
    Info (12023): Found entity 1: alt_sld_fab_alt_sld_fab_splitter
Info (286031): Timing-Driven Synthesis is running on partition "Top"
Info (144001): Generated suppressed messages file C:/Users/Andrew/Desktop/Quartus Workspace/ExtraCredit/FadeLUT/output_files/FadeLUT.map.smsg
Info (16010): Generating hard_block partition "hard_block:auto_generated_inst"
    Info (16011): Adding 0 node(s), including 0 DDIO, 0 PLL, 0 transceiver and 0 LCELL
Info (21057): Implemented 317 device resources after synthesis - the final resource count might be different
    Info (21058): Implemented 12 input pins
    Info (21059): Implemented 28 output pins
    Info (21061): Implemented 268 logic cells
    Info (21064): Implemented 8 RAM segments
Info: Quartus II 64-Bit Analysis & Synthesis was successful. 0 errors, 0 warnings
    Info: Peak virtual memory: 761 megabytes
    Info: Processing ended: Wed Jun 01 02:04:00 2016
    Info: Elapsed time: 00:00:31
    Info: Total CPU time (on all processors): 00:00:51


+------------------------------------------+
; Analysis & Synthesis Suppressed Messages ;
+------------------------------------------+
The suppressed messages can be found in C:/Users/Andrew/Desktop/Quartus Workspace/ExtraCredit/FadeLUT/output_files/FadeLUT.map.smsg.


